6-29-2024 15:44:44-log: Cannot access game frame or container.
6-29-2024 15:44:44-debug: asset-db:require-engine-code (1431ms)
6-29-2024 15:44:45-log: Cocos Creator v3.8.0
6-29-2024 15:44:45-debug: [Assets Memory track]: asset-db:worker-init: initEngine start:20.11MB, end 87.88MB, increase: 67.77MB
6-29-2024 15:44:45-debug: [Assets Memory track]: asset-db-plugin-register: programming start:88.61MB, end 91.24MB, increase: 2.62MB
6-29-2024 15:44:45-debug: [Assets Memory track]: asset-db-plugin-register: engine-extends start:91.29MB, end 94.83MB, increase: 3.54MB
6-29-2024 15:44:45-debug: [Assets Memory track]: asset-db-plugin-enable: project start:91.45MB, end 94.84MB, increase: 3.38MB
6-29-2024 15:44:45-debug: [Assets Memory track]: asset-db:worker-init: initPlugin start:87.89MB, end 94.84MB, increase: 6.95MB
6-29-2024 15:44:45-debug: asset-db:worker-init: initPlugin (353ms)
6-29-2024 15:44:45-debug: [Assets Memory track]: asset-db:worker-init start:20.11MB, end 94.89MB, increase: 74.78MB
6-29-2024 15:44:45-debug: Run asset db hook programming:beforePreStart ...
6-29-2024 15:44:45-debug: Run asset db hook programming:beforePreStart success!
6-29-2024 15:44:45-debug: Run asset db hook engine-extends:beforePreStart ...
6-29-2024 15:44:45-debug: Run asset db hook engine-extends:beforePreStart success!
6-29-2024 15:44:46-debug: asset-db:worker-init (2936ms)
6-29-2024 15:44:46-debug: asset-db-hook-programming-beforePreStart (724ms)
6-29-2024 15:44:46-debug: asset-db-hook-engine-extends-beforePreStart (724ms)
6-29-2024 15:44:46-debug: Preimport db internal success
6-29-2024 15:44:46-debug: Preimport db assets success
6-29-2024 15:44:46-debug: Run asset db hook programming:afterPreStart ...
6-29-2024 15:44:48-debug: run package(builder) handler(enable) start
6-29-2024 15:44:54-debug: run package(builder) handler(enable) success!
6-29-2024 15:44:54-debug: [Assets Memory track]: asset-db-plugin-enable: builder start:109.41MB, end 295.07MB, increase: 185.67MB
6-29-2024 15:44:54-debug: run package(shortcuts) handler(enable) start
6-29-2024 15:44:54-debug: run package(shortcuts) handler(enable) success!
6-29-2024 15:44:54-debug: run package(animation-graph) handler(enable) start
6-29-2024 15:44:54-debug: run package(animation-graph) handler(enable) success!
6-29-2024 15:44:54-debug: run package(about) handler(enable) start
6-29-2024 15:44:54-debug: run package(about) handler(enable) success!
6-29-2024 15:44:54-debug: run package(assets) handler(enable) start
6-29-2024 15:44:54-debug: run package(assets) handler(enable) success!
6-29-2024 15:44:54-debug: run package(console) handler(enable) start
6-29-2024 15:44:54-debug: run package(console) handler(enable) success!
6-29-2024 15:44:54-debug: run package(crash-reporter) handler(enable) start
6-29-2024 15:44:54-debug: run package(crash-reporter) handler(enable) success!
6-29-2024 15:44:54-debug: run package(extension) handler(enable) start
6-29-2024 15:44:54-debug: run package(extension) handler(enable) success!
6-29-2024 15:44:54-debug: run package(hierarchy) handler(enable) start
6-29-2024 15:44:54-debug: run package(hierarchy) handler(enable) success!
6-29-2024 15:44:54-debug: run package(inspector) handler(enable) start
6-29-2024 15:44:54-debug: run package(inspector) handler(enable) success!
6-29-2024 15:44:54-debug: run package(light-probe) handler(enable) start
6-29-2024 15:44:54-debug: run package(light-probe) handler(enable) success!
6-29-2024 15:44:54-debug: run package(lightmap) handler(enable) start
6-29-2024 15:44:54-debug: run package(lightmap) handler(enable) success!
6-29-2024 15:44:54-debug: run package(node-library) handler(enable) start
6-29-2024 15:44:54-debug: run package(node-library) handler(enable) success!
6-29-2024 15:44:54-debug: run package(package-asset) handler(enable) start
6-29-2024 15:44:54-debug: run package(package-asset) handler(enable) success!
6-29-2024 15:44:54-debug: run package(process) handler(enable) start
6-29-2024 15:44:54-debug: run package(process) handler(enable) success!
6-29-2024 15:44:54-debug: run package(reference-image) handler(enable) start
6-29-2024 15:44:54-debug: run package(reference-image) handler(enable) success!
6-29-2024 15:44:54-debug: run package(reflection-probe) handler(enable) start
6-29-2024 15:44:54-debug: run package(reflection-probe) handler(enable) success!
6-29-2024 15:44:54-debug: run package(engine-extends) handler(enable) start
6-29-2024 15:44:54-debug: run package(engine-extends) handler(enable) success!
6-29-2024 15:44:54-debug: run package(adsense-h5g-plugin) handler(enable) start
6-29-2024 15:44:54-debug: run package(adsense-h5g-plugin) handler(enable) success!
6-29-2024 15:44:54-debug: run package(alipay-mini-game) handler(enable) start
6-29-2024 15:44:54-debug: run package(alipay-mini-game) handler(enable) success!
6-29-2024 15:44:54-debug: run package(android) handler(enable) start
6-29-2024 15:44:54-debug: run package(android) handler(enable) success!
6-29-2024 15:44:54-debug: run package(bytedance-mini-game) handler(enable) start
6-29-2024 15:44:54-debug: run package(bytedance-mini-game) handler(enable) success!
6-29-2024 15:44:54-debug: run package(certificate) handler(enable) start
6-29-2024 15:44:54-debug: run package(certificate) handler(enable) success!
6-29-2024 15:44:54-debug: run package(channel-upload-tools) handler(enable) start
6-29-2024 15:44:54-debug: run package(channel-upload-tools) handler(enable) success!
6-29-2024 15:44:54-debug: run package(fb-instant-games) handler(enable) start
6-29-2024 15:44:54-debug: run package(fb-instant-games) handler(enable) success!
6-29-2024 15:44:54-debug: run package(huawei-agc) handler(enable) start
6-29-2024 15:44:54-debug: run package(huawei-agc) handler(enable) success!
6-29-2024 15:44:54-debug: run package(huawei-quick-game) handler(enable) start
6-29-2024 15:44:54-debug: run package(huawei-quick-game) handler(enable) success!
6-29-2024 15:44:54-debug: run package(ios) handler(enable) start
6-29-2024 15:44:54-debug: run package(ios) handler(enable) success!
6-29-2024 15:44:54-debug: run package(linux) handler(enable) start
6-29-2024 15:44:54-debug: run package(linux) handler(enable) success!
6-29-2024 15:44:54-debug: run package(mac) handler(enable) start
6-29-2024 15:44:54-debug: run package(mac) handler(enable) success!
6-29-2024 15:44:54-debug: run package(native) handler(enable) start
6-29-2024 15:44:54-debug: run package(native) handler(enable) success!
6-29-2024 15:44:54-debug: run package(ohos) handler(enable) start
6-29-2024 15:44:54-debug: run package(ohos) handler(enable) success!
6-29-2024 15:44:54-debug: run package(openharmony) handler(enable) start
6-29-2024 15:44:54-debug: run package(openharmony) handler(enable) success!
6-29-2024 15:44:54-debug: run package(oppo-mini-game) handler(enable) start
6-29-2024 15:44:54-debug: run package(oppo-mini-game) handler(enable) success!
6-29-2024 15:44:54-debug: run package(runtime-dev-tools) handler(enable) start
6-29-2024 15:44:54-debug: run package(runtime-dev-tools) handler(enable) success!
6-29-2024 15:44:54-debug: run package(taobao-creative-app) handler(enable) start
6-29-2024 15:44:54-debug: run package(taobao-creative-app) handler(enable) success!
6-29-2024 15:44:54-debug: run package(taobao-mini-game) handler(enable) start
6-29-2024 15:44:54-debug: run package(taobao-mini-game) handler(enable) success!
6-29-2024 15:44:54-debug: run package(vivo-mini-game) handler(enable) start
6-29-2024 15:44:54-debug: run package(vivo-mini-game) handler(enable) success!
6-29-2024 15:44:54-debug: run package(web-desktop) handler(enable) start
6-29-2024 15:44:54-debug: run package(web-desktop) handler(enable) success!
6-29-2024 15:44:54-debug: run package(web-mobile) handler(enable) start
6-29-2024 15:44:54-debug: run package(web-mobile) handler(enable) success!
6-29-2024 15:44:54-debug: run package(wechatgame) handler(enable) start
6-29-2024 15:44:54-debug: run package(wechatgame) handler(enable) success!
6-29-2024 15:44:54-debug: run package(wechatprogram) handler(enable) start
6-29-2024 15:44:54-debug: run package(wechatprogram) handler(enable) success!
6-29-2024 15:44:54-debug: run package(windows) handler(enable) start
6-29-2024 15:44:54-debug: run package(windows) handler(enable) success!
6-29-2024 15:44:54-debug: run package(xiaomi-quick-game) handler(enable) start
6-29-2024 15:44:54-debug: run package(xiaomi-quick-game) handler(enable) success!
6-29-2024 15:44:54-debug: run package(cocos-service) handler(enable) start
6-29-2024 15:44:54-debug: run package(cocos-service) handler(enable) success!
6-29-2024 15:44:54-debug: run package(im-plugin) handler(enable) start
6-29-2024 15:44:54-debug: run package(im-plugin) handler(enable) success!
6-29-2024 15:44:54-debug: run package(prefab380fix) handler(enable) start
6-29-2024 15:44:54-debug: run package(prefab380fix) handler(enable) success!
6-29-2024 15:44:54-debug: run package(placeholder) handler(enable) start
6-29-2024 15:44:54-debug: run package(placeholder) handler(enable) success!
6-29-2024 15:44:54-debug: Set detail map pack:///resolution-detail-map.json: {}
6-29-2024 15:44:54-debug: Run asset db hook programming:afterPreStart success!
6-29-2024 15:44:54-debug: Run asset db hook engine-extends:afterPreStart ...
6-29-2024 15:44:54-debug: Run asset db hook engine-extends:afterPreStart success!
6-29-2024 15:44:54-debug: [Assets Memory track]: asset-db:worker-init: preStart start:95.02MB, end 291.12MB, increase: 196.10MB
6-29-2024 15:44:54-debug: Start up the 'internal' database...
6-29-2024 15:44:54-debug: asset-db-hook-programming-afterPreStart (7984ms)
6-29-2024 15:44:54-debug: asset-db:worker-effect-data-processing (46ms)
6-29-2024 15:44:54-debug: asset-db-hook-engine-extends-afterPreStart (46ms)
6-29-2024 15:44:54-debug: start asset-db with asset: 459
6-29-2024 15:44:54-debug: [Assets Memory track]: asset-db:worker-startup-database[internal] start:107.40MB, end 295.19MB, increase: 187.79MB
6-29-2024 15:44:54-debug: Start up the 'assets' database...
6-29-2024 15:44:54-debug: asset-db:worker-startup-database[internal] (8201ms)
6-29-2024 15:44:54-debug: %cImport%c: D:\ShodoUwu\ShodoUwu\assets\scene.scenebackground: #aaff85; color: #000;color: #000;
6-29-2024 15:44:54-debug: start asset-db with asset: 1
6-29-2024 15:44:54-debug: [Assets Memory track]: asset-db:worker-startup-database[assets] start:109.30MB, end 290.32MB, increase: 181.02MB
6-29-2024 15:44:54-debug: asset-db:worker-startup-database[assets] (8039ms)
6-29-2024 15:44:54-debug: asset-db:start-database (8799ms)
6-29-2024 15:44:54-debug: asset-db:ready (14776ms)
6-29-2024 15:44:54-debug: init worker message success
6-29-2024 15:44:55-debug: [Build Memory track]: builder:worker-init start:294.09MB, end 302.49MB, increase: 8.40MB
6-29-2024 15:44:55-debug: programming:execute-script (639ms)
6-29-2024 15:44:55-debug: builder:worker-init (620ms)
6-29-2024 15:44:56-debug: programming:execute-script (4ms)
6-29-2024 15:46:00-debug: refresh db internal success
6-29-2024 15:46:00-debug: refresh db assets success
6-29-2024 15:46:00-debug: Run asset db hook engine-extends:afterRefresh ...
6-29-2024 15:46:00-debug: Run asset db hook engine-extends:afterRefresh success!
6-29-2024 15:46:00-debug: asset-db:refresh-all-database (76ms)
6-29-2024 15:46:00-debug: asset-db:worker-effect-data-processing (1ms)
6-29-2024 15:46:00-debug: asset-db-hook-engine-extends-afterRefresh (1ms)
6-29-2024 15:46:03-debug: refresh db internal success
6-29-2024 15:46:03-debug: refresh db assets success
6-29-2024 15:46:03-debug: Run asset db hook engine-extends:afterRefresh success!
6-29-2024 15:46:03-debug: Run asset db hook engine-extends:afterRefresh ...
6-29-2024 15:46:03-debug: asset-db:refresh-all-database (53ms)
6-29-2024 15:46:57-debug: refresh db internal success
6-29-2024 15:46:57-debug: refresh db assets success
6-29-2024 15:46:57-debug: Run asset db hook engine-extends:afterRefresh ...
6-29-2024 15:46:57-debug: Run asset db hook engine-extends:afterRefresh success!
6-29-2024 15:46:57-debug: asset-db:refresh-all-database (71ms)
6-29-2024 15:46:57-debug: asset-db:worker-effect-data-processing (3ms)
6-29-2024 15:46:57-debug: asset-db-hook-engine-extends-afterRefresh (4ms)
6-29-2024 15:47:00-debug: refresh db internal success
6-29-2024 15:47:00-debug: refresh db assets success
6-29-2024 15:47:00-debug: Run asset db hook engine-extends:afterRefresh ...
6-29-2024 15:47:00-debug: Run asset db hook engine-extends:afterRefresh success!
6-29-2024 15:47:00-debug: asset-db:refresh-all-database (61ms)
6-29-2024 15:47:00-debug: asset-db:worker-effect-data-processing (1ms)
6-29-2024 15:47:00-debug: asset-db-hook-engine-extends-afterRefresh (1ms)
6-29-2024 15:47:11-debug: refresh db internal success
6-29-2024 15:47:11-debug: refresh db assets success
6-29-2024 15:47:11-debug: Run asset db hook engine-extends:afterRefresh ...
6-29-2024 15:47:11-debug: Run asset db hook engine-extends:afterRefresh success!
6-29-2024 15:47:11-debug: asset-db:refresh-all-database (64ms)
6-29-2024 15:47:11-debug: asset-db:worker-effect-data-processing (1ms)
6-29-2024 15:47:11-debug: asset-db-hook-engine-extends-afterRefresh (1ms)
6-29-2024 15:47:18-debug: refresh db internal success
6-29-2024 15:47:18-debug: refresh db assets success
6-29-2024 15:47:18-debug: Run asset db hook engine-extends:afterRefresh ...
6-29-2024 15:47:18-debug: Run asset db hook engine-extends:afterRefresh success!
6-29-2024 15:47:18-debug: asset-db:refresh-all-database (55ms)
6-29-2024 15:47:18-debug: asset-db:worker-effect-data-processing (1ms)
6-29-2024 15:47:18-debug: asset-db-hook-engine-extends-afterRefresh (1ms)
6-29-2024 15:47:28-debug: refresh db internal success
6-29-2024 15:47:28-debug: refresh db assets success
6-29-2024 15:47:28-debug: Run asset db hook engine-extends:afterRefresh success!
6-29-2024 15:47:28-debug: Run asset db hook engine-extends:afterRefresh ...
6-29-2024 15:47:28-debug: asset-db:refresh-all-database (64ms)
6-29-2024 15:47:28-debug: asset-db:worker-effect-data-processing (10ms)
6-29-2024 15:47:28-debug: asset-db-hook-engine-extends-afterRefresh (11ms)
6-29-2024 15:47:42-debug: refresh db internal success
6-29-2024 15:47:42-debug: refresh db assets success
6-29-2024 15:47:42-debug: Run asset db hook engine-extends:afterRefresh ...
6-29-2024 15:47:42-debug: Run asset db hook engine-extends:afterRefresh success!
6-29-2024 15:47:42-debug: asset-db:refresh-all-database (55ms)
6-29-2024 15:47:44-debug: refresh db internal success
6-29-2024 15:47:44-debug: refresh db assets success
6-29-2024 15:47:44-debug: Run asset db hook engine-extends:afterRefresh ...
6-29-2024 15:47:44-debug: Run asset db hook engine-extends:afterRefresh success!
6-29-2024 15:47:44-debug: asset-db:refresh-all-database (54ms)
6-29-2024 15:47:44-debug: asset-db-hook-engine-extends-afterRefresh (1ms)
6-29-2024 15:47:44-debug: asset-db:worker-effect-data-processing (1ms)
6-29-2024 15:47:59-debug: start refresh asset from D:\ShodoUwu\ShodoUwu\assets\CatMaterial.mtl...
6-29-2024 15:47:59-debug: %cImport%c: D:\ShodoUwu\ShodoUwu\assets\CatMaterial.mtlbackground: #aaff85; color: #000;color: #000;
6-29-2024 15:48:00-debug: refresh asset D:\ShodoUwu\ShodoUwu\assets success
6-29-2024 15:48:04-debug: refresh db internal success
6-29-2024 15:48:04-debug: refresh db assets success
6-29-2024 15:48:04-debug: Run asset db hook engine-extends:afterRefresh success!
6-29-2024 15:48:04-debug: Run asset db hook engine-extends:afterRefresh ...
6-29-2024 15:48:04-debug: asset-db:refresh-all-database (52ms)
6-29-2024 15:48:06-debug: refresh db internal success
6-29-2024 15:48:06-debug: Run asset db hook engine-extends:afterRefresh ...
6-29-2024 15:48:06-debug: refresh db assets success
6-29-2024 15:48:06-debug: Run asset db hook engine-extends:afterRefresh success!
6-29-2024 15:48:06-debug: asset-db:refresh-all-database (48ms)
6-29-2024 15:48:06-debug: asset-db:worker-effect-data-processing (1ms)
6-29-2024 15:48:06-debug: asset-db-hook-engine-extends-afterRefresh (1ms)
6-29-2024 15:48:13-debug: refresh db internal success
6-29-2024 15:48:13-debug: refresh db assets success
6-29-2024 15:48:13-debug: Run asset db hook engine-extends:afterRefresh ...
6-29-2024 15:48:13-debug: Run asset db hook engine-extends:afterRefresh success!
6-29-2024 15:48:13-debug: asset-db:refresh-all-database (57ms)
6-29-2024 15:48:13-debug: asset-db:worker-effect-data-processing (1ms)
6-29-2024 15:48:13-debug: asset-db-hook-engine-extends-afterRefresh (1ms)
6-29-2024 15:48:16-debug: start refresh asset from D:\ShodoUwu\ShodoUwu\assets\CatMaterial.mtl...
6-29-2024 15:48:16-debug: %cImport%c: D:\ShodoUwu\ShodoUwu\assets\CatMaterial.mtlbackground: #aaff85; color: #000;color: #000;
6-29-2024 15:48:16-debug: refresh asset D:\ShodoUwu\ShodoUwu\assets success
6-29-2024 15:48:16-debug: refresh db internal success
6-29-2024 15:48:16-debug: refresh db assets success
6-29-2024 15:48:16-debug: Run asset db hook engine-extends:afterRefresh success!
6-29-2024 15:48:16-debug: Run asset db hook engine-extends:afterRefresh ...
6-29-2024 15:48:16-debug: asset-db:refresh-all-database (53ms)
6-29-2024 15:48:16-debug: asset-db:worker-effect-data-processing (1ms)
6-29-2024 15:48:16-debug: asset-db-hook-engine-extends-afterRefresh (1ms)
6-29-2024 15:51:31-debug: refresh db internal success
6-29-2024 15:51:31-debug: refresh db assets success
6-29-2024 15:51:31-debug: Run asset db hook engine-extends:afterRefresh ...
6-29-2024 15:51:31-debug: Run asset db hook engine-extends:afterRefresh success!
6-29-2024 15:51:31-debug: asset-db:refresh-all-database (85ms)
6-29-2024 15:51:31-debug: asset-db:worker-effect-data-processing (24ms)
6-29-2024 15:51:31-debug: asset-db-hook-engine-extends-afterRefresh (25ms)
6-29-2024 15:51:39-debug: refresh db internal success
6-29-2024 15:51:39-debug: refresh db assets success
6-29-2024 15:51:39-debug: Run asset db hook engine-extends:afterRefresh ...
6-29-2024 15:51:39-debug: Run asset db hook engine-extends:afterRefresh success!
6-29-2024 15:51:39-debug: asset-db:refresh-all-database (88ms)
6-29-2024 15:51:39-debug: asset-db:worker-effect-data-processing (35ms)
6-29-2024 15:51:39-debug: asset-db-hook-engine-extends-afterRefresh (35ms)
6-29-2024 15:51:39-debug: refresh db internal success
6-29-2024 15:51:39-debug: refresh db assets success
6-29-2024 15:51:39-debug: Run asset db hook engine-extends:afterRefresh ...
6-29-2024 15:51:39-debug: Run asset db hook engine-extends:afterRefresh success!
6-29-2024 15:51:39-debug: asset-db:refresh-all-database (48ms)
6-29-2024 15:51:39-debug: asset-db-hook-engine-extends-afterRefresh (1ms)
6-29-2024 15:51:45-debug: refresh db internal success
6-29-2024 15:51:45-debug: refresh db assets success
6-29-2024 15:51:45-debug: Run asset db hook engine-extends:afterRefresh ...
6-29-2024 15:51:45-debug: Run asset db hook engine-extends:afterRefresh success!
6-29-2024 15:51:45-debug: asset-db:refresh-all-database (49ms)
6-29-2024 15:51:45-debug: asset-db:worker-effect-data-processing (1ms)
6-29-2024 15:51:45-debug: asset-db-hook-engine-extends-afterRefresh (1ms)
6-29-2024 15:51:55-debug: refresh db internal success
6-29-2024 15:51:55-debug: refresh db assets success
6-29-2024 15:51:55-debug: Run asset db hook engine-extends:afterRefresh ...
6-29-2024 15:51:55-debug: Run asset db hook engine-extends:afterRefresh success!
6-29-2024 15:51:55-debug: asset-db:refresh-all-database (44ms)
6-29-2024 15:51:55-debug: asset-db:worker-effect-data-processing (1ms)
6-29-2024 15:51:55-debug: asset-db-hook-engine-extends-afterRefresh (1ms)
6-29-2024 15:51:58-debug: refresh db internal success
6-29-2024 15:51:58-debug: refresh db assets success
6-29-2024 15:51:58-debug: Run asset db hook engine-extends:afterRefresh ...
6-29-2024 15:51:58-debug: Run asset db hook engine-extends:afterRefresh success!
6-29-2024 15:51:58-debug: asset-db:refresh-all-database (57ms)
6-29-2024 15:51:58-debug: asset-db:worker-effect-data-processing (3ms)
6-29-2024 15:51:58-debug: asset-db-hook-engine-extends-afterRefresh (4ms)
6-29-2024 15:52:07-debug: start refresh asset from D:\ShodoUwu\ShodoUwu\assets\WallMaterial.mtl...
6-29-2024 15:52:07-debug: %cImport%c: D:\ShodoUwu\ShodoUwu\assets\WallMaterial.mtlbackground: #aaff85; color: #000;color: #000;
6-29-2024 15:52:07-debug: refresh asset D:\ShodoUwu\ShodoUwu\assets success
6-29-2024 15:52:10-debug: refresh db internal success
6-29-2024 15:52:10-debug: refresh db assets success
6-29-2024 15:52:10-debug: Run asset db hook engine-extends:afterRefresh ...
6-29-2024 15:52:10-debug: Run asset db hook engine-extends:afterRefresh success!
6-29-2024 15:52:10-debug: asset-db:refresh-all-database (59ms)
6-29-2024 15:52:10-debug: asset-db:worker-effect-data-processing (1ms)
6-29-2024 15:52:10-debug: asset-db-hook-engine-extends-afterRefresh (1ms)
6-29-2024 15:52:33-debug: start refresh asset from D:\ShodoUwu\ShodoUwu\assets\WallMaterial.mtl...
6-29-2024 15:52:33-debug: %cImport%c: D:\ShodoUwu\ShodoUwu\assets\WallMaterial.mtlbackground: #aaff85; color: #000;color: #000;
6-29-2024 15:52:33-debug: refresh asset D:\ShodoUwu\ShodoUwu\assets success
6-29-2024 15:52:37-debug: start refresh asset from D:\ShodoUwu\ShodoUwu\assets\WallMaterial.mtl...
6-29-2024 15:52:37-debug: %cImport%c: D:\ShodoUwu\ShodoUwu\assets\WallMaterial.mtlbackground: #aaff85; color: #000;color: #000;
6-29-2024 15:52:37-debug: refresh asset D:\ShodoUwu\ShodoUwu\assets success
6-29-2024 15:52:40-debug: start refresh asset from D:\ShodoUwu\ShodoUwu\assets\WallMaterial.mtl...
6-29-2024 15:52:40-debug: %cImport%c: D:\ShodoUwu\ShodoUwu\assets\WallMaterial.mtlbackground: #aaff85; color: #000;color: #000;
6-29-2024 15:52:40-debug: refresh asset D:\ShodoUwu\ShodoUwu\assets success
6-29-2024 15:52:43-debug: start refresh asset from D:\ShodoUwu\ShodoUwu\assets\WallMaterial.mtl...
6-29-2024 15:52:43-debug: %cImport%c: D:\ShodoUwu\ShodoUwu\assets\WallMaterial.mtlbackground: #aaff85; color: #000;color: #000;
6-29-2024 15:52:43-debug: refresh asset D:\ShodoUwu\ShodoUwu\assets success
6-29-2024 15:54:15-debug: refresh db internal success
6-29-2024 15:54:15-debug: refresh db assets success
6-29-2024 15:54:15-debug: Run asset db hook engine-extends:afterRefresh success!
6-29-2024 15:54:15-debug: Run asset db hook engine-extends:afterRefresh ...
6-29-2024 15:54:15-debug: asset-db:refresh-all-database (48ms)
6-29-2024 15:54:15-debug: asset-db:worker-effect-data-processing (2ms)
6-29-2024 15:54:15-debug: asset-db-hook-engine-extends-afterRefresh (2ms)
6-29-2024 15:54:27-debug: refresh db internal success
6-29-2024 15:54:27-debug: refresh db assets success
6-29-2024 15:54:27-debug: Run asset db hook engine-extends:afterRefresh ...
6-29-2024 15:54:27-debug: Run asset db hook engine-extends:afterRefresh success!
6-29-2024 15:54:27-debug: asset-db:refresh-all-database (57ms)
6-29-2024 15:54:27-debug: asset-db:worker-effect-data-processing (1ms)
6-29-2024 15:54:27-debug: asset-db-hook-engine-extends-afterRefresh (2ms)
6-29-2024 15:54:36-debug: refresh db internal success
6-29-2024 15:54:36-debug: refresh db assets success
6-29-2024 15:54:36-debug: Run asset db hook engine-extends:afterRefresh ...
6-29-2024 15:54:36-debug: Run asset db hook engine-extends:afterRefresh success!
6-29-2024 15:54:36-debug: asset-db:refresh-all-database (48ms)
6-29-2024 15:54:38-debug: refresh db internal success
6-29-2024 15:54:38-debug: refresh db assets success
6-29-2024 15:54:38-debug: Run asset db hook engine-extends:afterRefresh ...
6-29-2024 15:54:38-debug: Run asset db hook engine-extends:afterRefresh success!
6-29-2024 15:54:38-debug: asset-db:refresh-all-database (45ms)
6-29-2024 15:54:38-debug: asset-db:worker-effect-data-processing (1ms)
6-29-2024 15:54:38-debug: asset-db-hook-engine-extends-afterRefresh (1ms)
6-29-2024 15:57:24-debug: refresh db internal success
6-29-2024 15:57:24-debug: refresh db assets success
6-29-2024 15:57:24-debug: Run asset db hook engine-extends:afterRefresh ...
6-29-2024 15:57:24-debug: Run asset db hook engine-extends:afterRefresh success!
6-29-2024 15:57:24-debug: asset-db:refresh-all-database (82ms)
6-29-2024 15:57:24-debug: asset-db:worker-effect-data-processing (30ms)
6-29-2024 15:57:24-debug: asset-db-hook-engine-extends-afterRefresh (32ms)
6-29-2024 15:57:26-debug: Query all assets info in project
6-29-2024 15:57:26-debug: init custom config: keepNodeUuid: false, useCache: true
6-29-2024 15:57:26-debug:   Number of all scenes: 1
6-29-2024 15:57:26-debug:   Number of all scripts: 1
6-29-2024 15:57:26-debug:   Number of other assets: 321
6-29-2024 15:57:26-debug: reload all scripts.
6-29-2024 15:57:26-debug: Incremental keys: 
6-29-2024 15:57:26-debug: Set detail map pack:///resolution-detail-map.json: {}
6-29-2024 15:57:26-debug: D:\ShodoUwu\ShodoUwu\temp\programming\packer-driver\targets\editor\chunks\ce\cee638a986ad8fae09398db255647defcaa6612a.js resolved to D:\ShodoUwu\ShodoUwu\temp\programming\packer-driver\targets\editor\chunks\ce\cee638a986ad8fae09398db255647defcaa6612a.js is not in module cache!
6-29-2024 15:57:26-debug: [[Executor]] Module "cce:/internal/x/cc-fu/base" loaded.
6-29-2024 15:57:26-debug: [[Executor]] Module "cce:/internal/x/cc-fu/gfx-webgl" loaded.
6-29-2024 15:57:26-debug: [[Executor]] Module "cce:/internal/x/cc-fu/gfx-webgl2" loaded.
6-29-2024 15:57:26-debug: [[Executor]] Module "cce:/internal/x/cc-fu/gfx-empty" loaded.
6-29-2024 15:57:26-debug: [[Executor]] Module "cce:/internal/x/cc-fu/3d" loaded.
6-29-2024 15:57:26-debug: [[Executor]] Module "cce:/internal/x/cc-fu/animation" loaded.
6-29-2024 15:57:26-debug: [[Executor]] Module "cce:/internal/x/cc-fu/skeletal-animation" loaded.
6-29-2024 15:57:26-debug: [[Executor]] Module "cce:/internal/x/cc-fu/2d" loaded.
6-29-2024 15:57:26-debug: [[Executor]] Module "cce:/internal/x/cc-fu/sorting" loaded.
6-29-2024 15:57:26-debug: [[Executor]] Module "cce:/internal/x/cc-fu/ui" loaded.
6-29-2024 15:57:26-debug: [[Executor]] Module "cce:/internal/x/cc-fu/particle" loaded.
6-29-2024 15:57:26-debug: [[Executor]] Module "cce:/internal/x/cc-fu/particle-2d" loaded.
6-29-2024 15:57:26-debug: [[Executor]] Module "cce:/internal/x/cc-fu/physics-framework" loaded.
6-29-2024 15:57:26-debug: [[Executor]] Module "cce:/internal/x/cc-fu/physics-2d-framework" loaded.
6-29-2024 15:57:26-debug: [[Executor]] Module "cce:/internal/x/cc-fu/intersection-2d" loaded.
6-29-2024 15:57:26-debug: [[Executor]] Module "cce:/internal/x/cc-fu/primitive" loaded.
6-29-2024 15:57:26-debug: [[Executor]] Module "cce:/internal/x/cc-fu/profiler" loaded.
6-29-2024 15:57:26-debug: [[Executor]] Module "cce:/internal/x/cc-fu/geometry-renderer" loaded.
6-29-2024 15:57:26-debug: [[Executor]] Module "cce:/internal/x/cc-fu/audio" loaded.
6-29-2024 15:57:26-debug: [[Executor]] Module "cce:/internal/x/cc-fu/video" loaded.
6-29-2024 15:57:26-debug: [[Executor]] Module "cce:/internal/x/cc-fu/xr" loaded.
6-29-2024 15:57:26-debug: [[Executor]] Module "cce:/internal/x/cc-fu/light-probe" loaded.
6-29-2024 15:57:26-debug: [[Executor]] Module "cce:/internal/x/cc-fu/terrain" loaded.
6-29-2024 15:57:26-debug: [[Executor]] Module "cce:/internal/x/cc-fu/webview" loaded.
6-29-2024 15:57:26-debug: [[Executor]] Module "cce:/internal/x/cc-fu/tween" loaded.
6-29-2024 15:57:26-debug: [[Executor]] Module "cce:/internal/x/cc-fu/tiled-map" loaded.
6-29-2024 15:57:26-debug: [[Executor]] Module "cce:/internal/x/cc-fu/spine" loaded.
6-29-2024 15:57:26-debug: [[Executor]] Module "cce:/internal/x/cc-fu/dragon-bones" loaded.
6-29-2024 15:57:26-debug: [[Executor]] Module "cce:/internal/x/cc-fu/custom-pipeline" loaded.
6-29-2024 15:57:26-debug: [[Executor]] Module "cce:/internal/x/cc-fu/base" loaded.
6-29-2024 15:57:26-debug: [[Executor]] Module "cce:/internal/x/cc-fu/gfx-webgl" loaded.
6-29-2024 15:57:26-debug: [[Executor]] Module "cce:/internal/x/cc-fu/gfx-webgl2" loaded.
6-29-2024 15:57:26-debug: [[Executor]] Module "cce:/internal/x/cc-fu/gfx-empty" loaded.
6-29-2024 15:57:26-debug: [[Executor]] Module "cce:/internal/x/cc-fu/3d" loaded.
6-29-2024 15:57:26-debug: [[Executor]] Module "cce:/internal/x/cc-fu/animation" loaded.
6-29-2024 15:57:26-debug: [[Executor]] Module "cce:/internal/x/cc-fu/skeletal-animation" loaded.
6-29-2024 15:57:26-debug: [[Executor]] Module "cce:/internal/x/cc-fu/2d" loaded.
6-29-2024 15:57:26-debug: [[Executor]] Module "cce:/internal/x/cc-fu/sorting" loaded.
6-29-2024 15:57:26-debug: [[Executor]] Module "cce:/internal/x/cc-fu/ui" loaded.
6-29-2024 15:57:26-debug: [[Executor]] Module "cce:/internal/x/cc-fu/particle" loaded.
6-29-2024 15:57:26-debug: [[Executor]] Module "cce:/internal/x/cc-fu/particle-2d" loaded.
6-29-2024 15:57:26-debug: [[Executor]] Module "cce:/internal/x/cc-fu/physics-framework" loaded.
6-29-2024 15:57:26-debug: [[Executor]] Module "cce:/internal/x/cc-fu/physics-2d-framework" loaded.
6-29-2024 15:57:26-debug: [[Executor]] Module "cce:/internal/x/cc-fu/intersection-2d" loaded.
6-29-2024 15:57:26-debug: [[Executor]] Module "cce:/internal/x/cc-fu/primitive" loaded.
6-29-2024 15:57:26-debug: [[Executor]] Module "cce:/internal/x/cc-fu/profiler" loaded.
6-29-2024 15:57:26-debug: [[Executor]] Module "cce:/internal/x/cc-fu/geometry-renderer" loaded.
6-29-2024 15:57:26-debug: [[Executor]] Module "cce:/internal/x/cc-fu/audio" loaded.
6-29-2024 15:57:26-debug: [[Executor]] Module "cce:/internal/x/cc-fu/video" loaded.
6-29-2024 15:57:26-debug: [[Executor]] Module "cce:/internal/x/cc-fu/xr" loaded.
6-29-2024 15:57:26-debug: [[Executor]] Module "cce:/internal/x/cc-fu/light-probe" loaded.
6-29-2024 15:57:26-debug: [[Executor]] Module "cce:/internal/x/cc-fu/terrain" loaded.
6-29-2024 15:57:26-debug: [[Executor]] Module "cce:/internal/x/cc-fu/webview" loaded.
6-29-2024 15:57:26-debug: [[Executor]] Module "cce:/internal/x/cc-fu/tween" loaded.
6-29-2024 15:57:26-debug: [[Executor]] Module "cce:/internal/x/cc-fu/tiled-map" loaded.
6-29-2024 15:57:26-debug: [[Executor]] Module "cce:/internal/x/cc-fu/spine" loaded.
6-29-2024 15:57:26-debug: [[Executor]] Module "cce:/internal/x/cc-fu/dragon-bones" loaded.
6-29-2024 15:57:26-debug: [[Executor]] Module "cce:/internal/x/cc-fu/custom-pipeline" loaded.
6-29-2024 15:57:26-debug: [[Executor]] Module "pack:///chunks/ce/cee638a986ad8fae09398db255647defcaa6612a.js" loaded.
6-29-2024 15:57:26-debug: Invalidating 'pack:///chunks/ce/cee638a986ad8fae09398db255647defcaa6612a.js'
6-29-2024 15:57:26-debug: [[Executor]] Module "pack:///chunks/ce/cee638a986ad8fae09398db255647defcaa6612a.js" loaded.
6-29-2024 15:57:26-debug: D:\ShodoUwu\ShodoUwu\temp\programming\packer-driver\targets\editor\chunks\48\48925ed89f58b0eff72f0ddf69b47c4b5e8f623a.js resolved to D:\ShodoUwu\ShodoUwu\temp\programming\packer-driver\targets\editor\chunks\48\48925ed89f58b0eff72f0ddf69b47c4b5e8f623a.js is not in module cache!
6-29-2024 15:57:26-debug: [[Executor]] Module "pack:///chunks/48/48925ed89f58b0eff72f0ddf69b47c4b5e8f623a.js" loaded.
6-29-2024 15:57:26-debug: D:\ShodoUwu\ShodoUwu\temp\programming\packer-driver\targets\editor\chunks\1f\1feb0183e1ee4ce1428ca0c6a426a91db556c845.js resolved to D:\ShodoUwu\ShodoUwu\temp\programming\packer-driver\targets\editor\chunks\1f\1feb0183e1ee4ce1428ca0c6a426a91db556c845.js is not in module cache!
6-29-2024 15:57:26-debug: [[Executor]] Register DebugViewRuntimeControl
6-29-2024 15:57:26-debug: [[Executor]] Module "pack:///chunks/1f/1feb0183e1ee4ce1428ca0c6a426a91db556c845.js" loaded.
6-29-2024 15:57:26-debug: [[Executor]] Module "pack:///chunks/48/48925ed89f58b0eff72f0ddf69b47c4b5e8f623a.js" loaded.
6-29-2024 15:57:26-debug: Query asset bundle start0%
6-29-2024 15:57:26-debug: // ---- build task Query asset bundle ----
6-29-2024 15:57:26-debug: Query preload assets from cc.config.json: 60f7195c-ec2a-45eb-ba94-8955f60e81d0,1c02ae6f-4492-4915-b8f8-7492a3b1e4cd,810e96e4-e456-4468-9b59-f4e8f39732c0,efe8e2a3-eace-427b-b4f1-cb8a937ec77d,e9aa9a3e-5b2b-4ac7-a2c7-073de2b2b24f,8bbdbcdd-5cd4-4100-b6d5-b7c9625b6107,50f4348b-c883-4e2f-8f11-ce233b859fa1,fda095cb-831d-4601-ad94-846013963de8,f92806d7-1768-443f-afe8-12bcde84d0f0,dd3a144d-ab7f-41f0-82b8-2e43a090d496,f0416e68-0200-4b77-a926-4f9d16e494da,511d2633-09a7-4bdd-ac42-f778032124b3,5d45aa00-e064-4938-b314-4265f0c2258c,9361fd90-ba52-4f84-aa93-6e878fd576ca,970b0598-bcb0-4714-91fb-2e81440dccd8,bcd64cc6-2dd9-43f6-abbe-66318d332032,d930590d-bb92-4cc8-8bd1-23cd027f9edf,a3cd009f-0ab0-420d-9278-b9fdab939bbc,c27215d8-6835-4b68-bfbb-bdeac6100c04,b5d6115f-0370-4d7c-aad3-c194cc71cf98,d1346436-ac96-4271-b863-1f4fdead95b0,971bdb23-3ff6-43eb-b422-1c30165a3663,17debcc3-0a6b-4b8a-b00b-dc58b885581e,711ebe11-f673-4cd9-9a83-63c60ba54c5b,c0143906-9aed-447e-9436-2ae8512d1b6e,14da1725-c4c2-42b4-ab08-ee0aeb6898b3,081cab31-dccd-428e-8652-f2404cc81c47,78e0584a-4343-4727-8f37-e14e65c2a2db,ba21476f-2866-4f81-9c4d-6e359316e448,871c3b6c-7379-419d-bda3-794b239ab90d,1d08ef62-a503-4ce2-8b9a-46c90873f7d3
6-29-2024 15:57:26-debug: // ---- build task Query asset bundle ---- (25ms)
6-29-2024 15:57:26-debug: run build task Query asset bundle success in 25 ms √5%
6-29-2024 15:57:26-debug: [Build Memory track]: Query asset bundle start:244.41MB, end 244.94MB, increase: 550.43KB
6-29-2024 15:57:26-debug: Query asset bundle start5%
6-29-2024 15:57:26-debug: // ---- build task Query asset bundle ----
6-29-2024 15:57:26-debug: // ---- build task Query asset bundle ---- (18ms)
6-29-2024 15:57:26-debug: run build task Query asset bundle success in 18 ms √10%
6-29-2024 15:57:26-debug: [Build Memory track]: Query asset bundle start:244.96MB, end 245.18MB, increase: 227.16KB
6-29-2024 15:57:26-debug: Sort some build options to settings.json start10%
6-29-2024 15:57:26-debug: // ---- build task Sort some build options to settings.json ----
6-29-2024 15:57:26-debug: // ---- build task Sort some build options to settings.json ---- (1ms)
6-29-2024 15:57:26-debug: run build task Sort some build options to settings.json success in 1 ms √12%
6-29-2024 15:57:26-debug: [Build Memory track]: Sort some build options to settings.json start:245.19MB, end 245.20MB, increase: 14.51KB
6-29-2024 15:57:26-debug: Fill script data to settings start12%
6-29-2024 15:57:26-debug: // ---- build task Fill script data to settings ----
6-29-2024 15:57:26-debug: // ---- build task Fill script data to settings ---- (1ms)
6-29-2024 15:57:26-debug: run build task Fill script data to settings success in 1 ms √13%
6-29-2024 15:57:26-debug: [Build Memory track]: Fill script data to settings start:245.22MB, end 245.23MB, increase: 17.27KB
6-29-2024 15:57:26-debug: Sort some build options to settings.json start13%
6-29-2024 15:57:26-debug: // ---- build task Sort some build options to settings.json ----
6-29-2024 15:57:26-debug: // ---- build task Sort some build options to settings.json ---- (4ms)
6-29-2024 15:57:26-debug: run build task Sort some build options to settings.json success in 4 ms √15%
6-29-2024 15:57:26-debug: [Build Memory track]: Sort some build options to settings.json start:245.24MB, end 245.31MB, increase: 65.29KB
6-29-2024 15:57:27-debug: refresh db internal success
6-29-2024 15:57:27-debug: refresh db assets success
6-29-2024 15:57:27-debug: Run asset db hook engine-extends:afterRefresh ...
6-29-2024 15:57:27-debug: Run asset db hook engine-extends:afterRefresh success!
6-29-2024 15:57:27-debug: asset-db:refresh-all-database (65ms)
6-29-2024 15:57:27-debug: asset-db-hook-engine-extends-afterRefresh (5ms)
6-29-2024 15:57:27-debug: asset-db:worker-effect-data-processing (5ms)
6-29-2024 15:57:32-debug: refresh db internal success
6-29-2024 15:57:32-debug: refresh db assets success
6-29-2024 15:57:32-debug: Run asset db hook engine-extends:afterRefresh ...
6-29-2024 15:57:32-debug: Run asset db hook engine-extends:afterRefresh success!
6-29-2024 15:57:32-debug: asset-db:refresh-all-database (53ms)
6-29-2024 15:57:32-debug: asset-db-hook-engine-extends-afterRefresh (1ms)
6-29-2024 15:57:40-debug: refresh db internal success
6-29-2024 15:57:40-debug: refresh db assets success
6-29-2024 15:57:40-debug: Run asset db hook engine-extends:afterRefresh ...
6-29-2024 15:57:40-debug: Run asset db hook engine-extends:afterRefresh success!
6-29-2024 15:57:40-debug: asset-db:refresh-all-database (79ms)
6-29-2024 15:57:40-debug: asset-db-hook-engine-extends-afterRefresh (1ms)
6-29-2024 16:03:21-debug: Query all assets info in project
6-29-2024 16:03:21-debug: init custom config: keepNodeUuid: false, useCache: true
6-29-2024 16:03:21-debug:   Number of all scripts: 1
6-29-2024 16:03:21-debug:   Number of all scenes: 1
6-29-2024 16:03:21-debug:   Number of other assets: 321
6-29-2024 16:03:21-debug: reload all scripts.
6-29-2024 16:03:21-debug: Incremental keys: 
6-29-2024 16:03:21-debug: Set detail map pack:///resolution-detail-map.json: {}
6-29-2024 16:03:21-debug: Invalidating 'pack:///chunks/ce/cee638a986ad8fae09398db255647defcaa6612a.js'
6-29-2024 16:03:21-debug: Unregister DebugViewRuntimeControl
6-29-2024 16:03:21-debug: Invalidating 'pack:///chunks/48/48925ed89f58b0eff72f0ddf69b47c4b5e8f623a.js'
6-29-2024 16:03:21-debug: Invalidating 'pack:///chunks/1f/1feb0183e1ee4ce1428ca0c6a426a91db556c845.js'
6-29-2024 16:03:21-debug: [[Executor]] Module "pack:///chunks/ce/cee638a986ad8fae09398db255647defcaa6612a.js" loaded.
6-29-2024 16:03:21-debug: [[Executor]] Module "pack:///chunks/48/48925ed89f58b0eff72f0ddf69b47c4b5e8f623a.js" loaded.
6-29-2024 16:03:21-debug: [[Executor]] Register DebugViewRuntimeControl
6-29-2024 16:03:21-debug: [[Executor]] Module "pack:///chunks/1f/1feb0183e1ee4ce1428ca0c6a426a91db556c845.js" loaded.
6-29-2024 16:03:21-debug: [[Executor]] Module "pack:///chunks/48/48925ed89f58b0eff72f0ddf69b47c4b5e8f623a.js" loaded.
6-29-2024 16:03:21-debug: Query asset bundle start0%
6-29-2024 16:03:21-debug: // ---- build task Query asset bundle ----
6-29-2024 16:03:21-debug: Query preload assets from cc.config.json: 60f7195c-ec2a-45eb-ba94-8955f60e81d0,1c02ae6f-4492-4915-b8f8-7492a3b1e4cd,810e96e4-e456-4468-9b59-f4e8f39732c0,efe8e2a3-eace-427b-b4f1-cb8a937ec77d,e9aa9a3e-5b2b-4ac7-a2c7-073de2b2b24f,8bbdbcdd-5cd4-4100-b6d5-b7c9625b6107,50f4348b-c883-4e2f-8f11-ce233b859fa1,fda095cb-831d-4601-ad94-846013963de8,f92806d7-1768-443f-afe8-12bcde84d0f0,dd3a144d-ab7f-41f0-82b8-2e43a090d496,f0416e68-0200-4b77-a926-4f9d16e494da,511d2633-09a7-4bdd-ac42-f778032124b3,5d45aa00-e064-4938-b314-4265f0c2258c,9361fd90-ba52-4f84-aa93-6e878fd576ca,970b0598-bcb0-4714-91fb-2e81440dccd8,bcd64cc6-2dd9-43f6-abbe-66318d332032,d930590d-bb92-4cc8-8bd1-23cd027f9edf,a3cd009f-0ab0-420d-9278-b9fdab939bbc,c27215d8-6835-4b68-bfbb-bdeac6100c04,b5d6115f-0370-4d7c-aad3-c194cc71cf98,d1346436-ac96-4271-b863-1f4fdead95b0,971bdb23-3ff6-43eb-b422-1c30165a3663,17debcc3-0a6b-4b8a-b00b-dc58b885581e,711ebe11-f673-4cd9-9a83-63c60ba54c5b,c0143906-9aed-447e-9436-2ae8512d1b6e,14da1725-c4c2-42b4-ab08-ee0aeb6898b3,081cab31-dccd-428e-8652-f2404cc81c47,78e0584a-4343-4727-8f37-e14e65c2a2db,ba21476f-2866-4f81-9c4d-6e359316e448,871c3b6c-7379-419d-bda3-794b239ab90d,1d08ef62-a503-4ce2-8b9a-46c90873f7d3
6-29-2024 16:03:21-debug: // ---- build task Query asset bundle ---- (12ms)
6-29-2024 16:03:21-debug: run build task Query asset bundle success in 12 ms √5%
6-29-2024 16:03:21-debug: [Build Memory track]: Query asset bundle start:247.55MB, end 247.31MB, increase: -239.79KB
6-29-2024 16:03:21-debug: Query asset bundle start5%
6-29-2024 16:03:21-debug: // ---- build task Query asset bundle ----
6-29-2024 16:03:21-debug: run build task Query asset bundle success in 0 ms √10%
6-29-2024 16:03:21-debug: [Build Memory track]: Query asset bundle start:247.33MB, end 247.34MB, increase: 10.40KB
6-29-2024 16:03:21-debug: Sort some build options to settings.json start10%
6-29-2024 16:03:21-debug: // ---- build task Sort some build options to settings.json ----
6-29-2024 16:03:21-debug: run build task Sort some build options to settings.json success in 0 ms √12%
6-29-2024 16:03:21-debug: [Build Memory track]: Sort some build options to settings.json start:247.35MB, end 247.36MB, increase: 14.38KB
6-29-2024 16:03:21-debug: Fill script data to settings start12%
6-29-2024 16:03:21-debug: // ---- build task Fill script data to settings ----
6-29-2024 16:03:21-debug: run build task Fill script data to settings success in 0 ms √13%
6-29-2024 16:03:21-debug: [Build Memory track]: Fill script data to settings start:247.38MB, end 247.39MB, increase: 15.29KB
6-29-2024 16:03:21-debug: // ---- build task Sort some build options to settings.json ----
6-29-2024 16:03:21-debug: Sort some build options to settings.json start13%
6-29-2024 16:03:21-debug: // ---- build task Sort some build options to settings.json ---- (3ms)
6-29-2024 16:03:21-debug: run build task Sort some build options to settings.json success in 3 ms √15%
6-29-2024 16:03:21-debug: [Build Memory track]: Sort some build options to settings.json start:247.40MB, end 247.46MB, increase: 61.15KB
6-29-2024 16:03:28-debug: refresh db internal success
6-29-2024 16:03:28-debug: refresh db assets success
6-29-2024 16:03:28-debug: Run asset db hook engine-extends:afterRefresh success!
6-29-2024 16:03:28-debug: Run asset db hook engine-extends:afterRefresh ...
6-29-2024 16:03:28-debug: asset-db:refresh-all-database (55ms)
6-29-2024 16:03:28-debug: asset-db:worker-effect-data-processing (3ms)
6-29-2024 16:03:28-debug: asset-db-hook-engine-extends-afterRefresh (5ms)
6-29-2024 16:03:44-debug: start refresh asset from D:\ShodoUwu\ShodoUwu\assets\scene.scene...
6-29-2024 16:03:44-debug: %cImport%c: D:\ShodoUwu\ShodoUwu\assets\scene.scenebackground: #aaff85; color: #000;color: #000;
6-29-2024 16:03:44-debug: refresh asset D:\ShodoUwu\ShodoUwu\assets success
6-29-2024 16:03:51-debug: refresh db internal success
6-29-2024 16:03:51-debug: refresh db assets success
6-29-2024 16:03:51-debug: Run asset db hook engine-extends:afterRefresh ...
6-29-2024 16:03:51-debug: Run asset db hook engine-extends:afterRefresh success!
6-29-2024 16:03:51-debug: asset-db:refresh-all-database (57ms)
6-29-2024 16:03:51-debug: asset-db-hook-engine-extends-afterRefresh (1ms)
6-29-2024 16:04:08-debug: refresh db internal success
6-29-2024 16:04:08-debug: refresh db assets success
6-29-2024 16:04:08-debug: Run asset db hook engine-extends:afterRefresh ...
6-29-2024 16:04:08-debug: Run asset db hook engine-extends:afterRefresh success!
6-29-2024 16:04:08-debug: asset-db:refresh-all-database (56ms)
6-29-2024 16:04:08-debug: asset-db:worker-effect-data-processing (1ms)
6-29-2024 16:04:08-debug: asset-db-hook-engine-extends-afterRefresh (1ms)
6-29-2024 16:04:19-debug: Query all assets info in project
6-29-2024 16:04:19-debug: init custom config: keepNodeUuid: false, useCache: true
6-29-2024 16:04:19-debug:   Number of all scenes: 1
6-29-2024 16:04:19-debug:   Number of all scripts: 1
6-29-2024 16:04:19-debug:   Number of other assets: 321
6-29-2024 16:04:19-debug: reload all scripts.
6-29-2024 16:04:19-debug: Incremental keys: 
6-29-2024 16:04:19-debug: Set detail map pack:///resolution-detail-map.json: {}
6-29-2024 16:04:19-debug: Unregister DebugViewRuntimeControl
6-29-2024 16:04:19-debug: Invalidating 'pack:///chunks/ce/cee638a986ad8fae09398db255647defcaa6612a.js'
6-29-2024 16:04:19-debug: Invalidating 'pack:///chunks/48/48925ed89f58b0eff72f0ddf69b47c4b5e8f623a.js'
6-29-2024 16:04:19-debug: Invalidating 'pack:///chunks/1f/1feb0183e1ee4ce1428ca0c6a426a91db556c845.js'
6-29-2024 16:04:19-debug: [[Executor]] Module "pack:///chunks/ce/cee638a986ad8fae09398db255647defcaa6612a.js" loaded.
6-29-2024 16:04:19-debug: [[Executor]] Module "pack:///chunks/48/48925ed89f58b0eff72f0ddf69b47c4b5e8f623a.js" loaded.
6-29-2024 16:04:19-debug: [[Executor]] Register DebugViewRuntimeControl
6-29-2024 16:04:19-debug: [[Executor]] Module "pack:///chunks/1f/1feb0183e1ee4ce1428ca0c6a426a91db556c845.js" loaded.
6-29-2024 16:04:19-debug: [[Executor]] Module "pack:///chunks/48/48925ed89f58b0eff72f0ddf69b47c4b5e8f623a.js" loaded.
6-29-2024 16:04:19-debug: Query asset bundle start0%
6-29-2024 16:04:19-debug: // ---- build task Query asset bundle ----
6-29-2024 16:04:19-debug: Query preload assets from cc.config.json: 60f7195c-ec2a-45eb-ba94-8955f60e81d0,1c02ae6f-4492-4915-b8f8-7492a3b1e4cd,810e96e4-e456-4468-9b59-f4e8f39732c0,efe8e2a3-eace-427b-b4f1-cb8a937ec77d,e9aa9a3e-5b2b-4ac7-a2c7-073de2b2b24f,8bbdbcdd-5cd4-4100-b6d5-b7c9625b6107,50f4348b-c883-4e2f-8f11-ce233b859fa1,fda095cb-831d-4601-ad94-846013963de8,f92806d7-1768-443f-afe8-12bcde84d0f0,dd3a144d-ab7f-41f0-82b8-2e43a090d496,f0416e68-0200-4b77-a926-4f9d16e494da,511d2633-09a7-4bdd-ac42-f778032124b3,5d45aa00-e064-4938-b314-4265f0c2258c,9361fd90-ba52-4f84-aa93-6e878fd576ca,970b0598-bcb0-4714-91fb-2e81440dccd8,bcd64cc6-2dd9-43f6-abbe-66318d332032,d930590d-bb92-4cc8-8bd1-23cd027f9edf,a3cd009f-0ab0-420d-9278-b9fdab939bbc,c27215d8-6835-4b68-bfbb-bdeac6100c04,b5d6115f-0370-4d7c-aad3-c194cc71cf98,d1346436-ac96-4271-b863-1f4fdead95b0,971bdb23-3ff6-43eb-b422-1c30165a3663,17debcc3-0a6b-4b8a-b00b-dc58b885581e,711ebe11-f673-4cd9-9a83-63c60ba54c5b,c0143906-9aed-447e-9436-2ae8512d1b6e,14da1725-c4c2-42b4-ab08-ee0aeb6898b3,081cab31-dccd-428e-8652-f2404cc81c47,78e0584a-4343-4727-8f37-e14e65c2a2db,ba21476f-2866-4f81-9c4d-6e359316e448,871c3b6c-7379-419d-bda3-794b239ab90d,1d08ef62-a503-4ce2-8b9a-46c90873f7d3
6-29-2024 16:04:19-debug: // ---- build task Query asset bundle ---- (13ms)
6-29-2024 16:04:19-debug: run build task Query asset bundle success in 13 ms √5%
6-29-2024 16:04:19-debug: [Build Memory track]: Query asset bundle start:251.53MB, end 251.28MB, increase: -248.38KB
6-29-2024 16:04:19-debug: Query asset bundle start5%
6-29-2024 16:04:19-debug: // ---- build task Query asset bundle ----
6-29-2024 16:04:19-debug: run build task Query asset bundle success in 0 ms √10%
6-29-2024 16:04:19-debug: [Build Memory track]: Query asset bundle start:251.29MB, end 251.31MB, increase: 11.28KB
6-29-2024 16:04:19-debug: Sort some build options to settings.json start10%
6-29-2024 16:04:19-debug: // ---- build task Sort some build options to settings.json ----
6-29-2024 16:04:19-debug: run build task Sort some build options to settings.json success in 0 ms √12%
6-29-2024 16:04:19-debug: [Build Memory track]: Sort some build options to settings.json start:251.32MB, end 251.33MB, increase: 11.07KB
6-29-2024 16:04:19-debug: Fill script data to settings start12%
6-29-2024 16:04:19-debug: // ---- build task Fill script data to settings ----
6-29-2024 16:04:19-debug: // ---- build task Fill script data to settings ---- (1ms)
6-29-2024 16:04:19-debug: run build task Fill script data to settings success in 1 ms √13%
6-29-2024 16:04:19-debug: [Build Memory track]: Fill script data to settings start:251.34MB, end 251.36MB, increase: 15.72KB
6-29-2024 16:04:19-debug: Sort some build options to settings.json start13%
6-29-2024 16:04:19-debug: // ---- build task Sort some build options to settings.json ----
6-29-2024 16:04:19-debug: // ---- build task Sort some build options to settings.json ---- (3ms)
6-29-2024 16:04:19-debug: run build task Sort some build options to settings.json success in 3 ms √15%
6-29-2024 16:04:19-debug: [Build Memory track]: Sort some build options to settings.json start:251.37MB, end 251.43MB, increase: 61.12KB
6-29-2024 16:04:23-debug: refresh db internal success
6-29-2024 16:04:23-debug: refresh db assets success
6-29-2024 16:04:23-debug: Run asset db hook engine-extends:afterRefresh success!
6-29-2024 16:04:23-debug: Run asset db hook engine-extends:afterRefresh ...
6-29-2024 16:04:23-debug: asset-db:refresh-all-database (44ms)
6-29-2024 16:04:23-debug: asset-db-hook-engine-extends-afterRefresh (1ms)
6-29-2024 16:04:23-debug: asset-db:worker-effect-data-processing (1ms)
6-29-2024 16:04:26-debug: refresh db internal success
6-29-2024 16:04:26-debug: refresh db assets success
6-29-2024 16:04:26-debug: Run asset db hook engine-extends:afterRefresh ...
6-29-2024 16:04:26-debug: Run asset db hook engine-extends:afterRefresh success!
6-29-2024 16:04:26-debug: asset-db:refresh-all-database (39ms)
6-29-2024 16:04:26-debug: asset-db:worker-effect-data-processing (1ms)
6-29-2024 16:04:26-debug: asset-db-hook-engine-extends-afterRefresh (1ms)
6-29-2024 16:05:04-debug: refresh db internal success
6-29-2024 16:05:04-debug: refresh db assets success
6-29-2024 16:05:04-debug: Run asset db hook engine-extends:afterRefresh ...
6-29-2024 16:05:04-debug: Run asset db hook engine-extends:afterRefresh success!
6-29-2024 16:05:04-debug: asset-db:refresh-all-database (46ms)
6-29-2024 16:05:04-debug: asset-db-hook-engine-extends-afterRefresh (1ms)
6-29-2024 16:05:26-debug: programming:execute-script (4ms)
6-29-2024 16:05:27-debug: Query all assets info in project
6-29-2024 16:05:27-debug: init custom config: keepNodeUuid: false, useCache: true
6-29-2024 16:05:27-debug:   Number of all scripts: 1
6-29-2024 16:05:27-debug:   Number of all scenes: 1
6-29-2024 16:05:27-debug:   Number of other assets: 321
6-29-2024 16:05:27-debug: reload all scripts.
6-29-2024 16:05:27-debug: Incremental keys: 
6-29-2024 16:05:27-debug: Set detail map pack:///resolution-detail-map.json: {}
6-29-2024 16:05:27-debug: Unregister DebugViewRuntimeControl
6-29-2024 16:05:27-debug: Invalidating 'pack:///chunks/ce/cee638a986ad8fae09398db255647defcaa6612a.js'
6-29-2024 16:05:27-debug: Invalidating 'pack:///chunks/48/48925ed89f58b0eff72f0ddf69b47c4b5e8f623a.js'
6-29-2024 16:05:27-debug: Invalidating 'pack:///chunks/1f/1feb0183e1ee4ce1428ca0c6a426a91db556c845.js'
6-29-2024 16:05:27-debug: [[Executor]] Module "pack:///chunks/ce/cee638a986ad8fae09398db255647defcaa6612a.js" loaded.
6-29-2024 16:05:27-debug: [[Executor]] Module "pack:///chunks/48/48925ed89f58b0eff72f0ddf69b47c4b5e8f623a.js" loaded.
6-29-2024 16:05:27-debug: [[Executor]] Register DebugViewRuntimeControl
6-29-2024 16:05:27-debug: [[Executor]] Module "pack:///chunks/1f/1feb0183e1ee4ce1428ca0c6a426a91db556c845.js" loaded.
6-29-2024 16:05:27-debug: [[Executor]] Module "pack:///chunks/48/48925ed89f58b0eff72f0ddf69b47c4b5e8f623a.js" loaded.
6-29-2024 16:05:27-debug: Query asset bundle start0%
6-29-2024 16:05:27-debug: // ---- build task Query asset bundle ----
6-29-2024 16:05:27-debug: Query preload assets from cc.config.json: 60f7195c-ec2a-45eb-ba94-8955f60e81d0,1c02ae6f-4492-4915-b8f8-7492a3b1e4cd,810e96e4-e456-4468-9b59-f4e8f39732c0,efe8e2a3-eace-427b-b4f1-cb8a937ec77d,e9aa9a3e-5b2b-4ac7-a2c7-073de2b2b24f,8bbdbcdd-5cd4-4100-b6d5-b7c9625b6107,50f4348b-c883-4e2f-8f11-ce233b859fa1,fda095cb-831d-4601-ad94-846013963de8,f92806d7-1768-443f-afe8-12bcde84d0f0,dd3a144d-ab7f-41f0-82b8-2e43a090d496,f0416e68-0200-4b77-a926-4f9d16e494da,511d2633-09a7-4bdd-ac42-f778032124b3,5d45aa00-e064-4938-b314-4265f0c2258c,9361fd90-ba52-4f84-aa93-6e878fd576ca,970b0598-bcb0-4714-91fb-2e81440dccd8,bcd64cc6-2dd9-43f6-abbe-66318d332032,d930590d-bb92-4cc8-8bd1-23cd027f9edf,a3cd009f-0ab0-420d-9278-b9fdab939bbc,c27215d8-6835-4b68-bfbb-bdeac6100c04,b5d6115f-0370-4d7c-aad3-c194cc71cf98,d1346436-ac96-4271-b863-1f4fdead95b0,971bdb23-3ff6-43eb-b422-1c30165a3663,17debcc3-0a6b-4b8a-b00b-dc58b885581e,711ebe11-f673-4cd9-9a83-63c60ba54c5b,c0143906-9aed-447e-9436-2ae8512d1b6e,14da1725-c4c2-42b4-ab08-ee0aeb6898b3,081cab31-dccd-428e-8652-f2404cc81c47,78e0584a-4343-4727-8f37-e14e65c2a2db,ba21476f-2866-4f81-9c4d-6e359316e448,871c3b6c-7379-419d-bda3-794b239ab90d,1d08ef62-a503-4ce2-8b9a-46c90873f7d3
6-29-2024 16:05:27-debug: // ---- build task Query asset bundle ---- (9ms)
6-29-2024 16:05:27-debug: run build task Query asset bundle success in 9 ms √5%
6-29-2024 16:05:27-debug: [Build Memory track]: Query asset bundle start:230.80MB, end 231.24MB, increase: 446.82KB
6-29-2024 16:05:27-debug: Query asset bundle start5%
6-29-2024 16:05:27-debug: // ---- build task Query asset bundle ----
6-29-2024 16:05:27-debug: run build task Query asset bundle success in 0 ms √10%
6-29-2024 16:05:27-debug: Sort some build options to settings.json start10%
6-29-2024 16:05:27-debug: [Build Memory track]: Query asset bundle start:231.25MB, end 231.26MB, increase: 9.84KB
6-29-2024 16:05:27-debug: // ---- build task Sort some build options to settings.json ----
6-29-2024 16:05:27-debug: run build task Sort some build options to settings.json success in 0 ms √12%
6-29-2024 16:05:27-debug: Fill script data to settings start12%
6-29-2024 16:05:27-debug: [Build Memory track]: Sort some build options to settings.json start:231.27MB, end 231.29MB, increase: 12.93KB
6-29-2024 16:05:27-debug: // ---- build task Fill script data to settings ----
6-29-2024 16:05:27-debug: run build task Fill script data to settings success in 0 ms √13%
6-29-2024 16:05:27-debug: [Build Memory track]: Fill script data to settings start:231.30MB, end 231.31MB, increase: 14.40KB
6-29-2024 16:05:27-debug: Sort some build options to settings.json start13%
6-29-2024 16:05:27-debug: // ---- build task Sort some build options to settings.json ----
6-29-2024 16:05:27-debug: // ---- build task Sort some build options to settings.json ---- (2ms)
6-29-2024 16:05:27-debug: run build task Sort some build options to settings.json success in 2 ms √15%
6-29-2024 16:05:27-debug: [Build Memory track]: Sort some build options to settings.json start:231.32MB, end 231.39MB, increase: 64.92KB
6-29-2024 16:06:30-debug: refresh db internal success
6-29-2024 16:06:30-debug: refresh db assets success
6-29-2024 16:06:30-debug: Run asset db hook engine-extends:afterRefresh ...
6-29-2024 16:06:30-debug: Run asset db hook engine-extends:afterRefresh success!
6-29-2024 16:06:30-debug: asset-db:refresh-all-database (78ms)
6-29-2024 16:06:30-debug: asset-db:worker-effect-data-processing (33ms)
6-29-2024 16:06:30-debug: asset-db-hook-engine-extends-afterRefresh (35ms)
6-29-2024 16:06:33-debug: refresh db internal success
6-29-2024 16:06:33-debug: refresh db assets success
6-29-2024 16:06:33-debug: Run asset db hook engine-extends:afterRefresh ...
6-29-2024 16:06:33-debug: Run asset db hook engine-extends:afterRefresh success!
6-29-2024 16:06:33-debug: asset-db:refresh-all-database (55ms)
6-29-2024 16:06:33-debug: asset-db:worker-effect-data-processing (12ms)
6-29-2024 16:06:33-debug: asset-db-hook-engine-extends-afterRefresh (13ms)
6-29-2024 16:06:41-debug: refresh db internal success
6-29-2024 16:06:41-debug: refresh db assets success
6-29-2024 16:06:41-debug: Run asset db hook engine-extends:afterRefresh ...
6-29-2024 16:06:41-debug: Run asset db hook engine-extends:afterRefresh success!
6-29-2024 16:06:41-debug: asset-db:refresh-all-database (49ms)
6-29-2024 16:06:41-debug: asset-db:worker-effect-data-processing (1ms)
6-29-2024 16:06:41-debug: asset-db-hook-engine-extends-afterRefresh (1ms)
6-29-2024 16:06:50-debug: Query all assets info in project
6-29-2024 16:06:50-debug: init custom config: keepNodeUuid: false, useCache: true
6-29-2024 16:06:50-debug:   Number of all scenes: 1
6-29-2024 16:06:50-debug:   Number of all scripts: 1
6-29-2024 16:06:50-debug:   Number of other assets: 321
6-29-2024 16:06:50-debug: reload all scripts.
6-29-2024 16:06:50-debug: Incremental keys: 
6-29-2024 16:06:50-debug: Set detail map pack:///resolution-detail-map.json: {}
6-29-2024 16:06:50-debug: Unregister DebugViewRuntimeControl
6-29-2024 16:06:50-debug: Invalidating 'pack:///chunks/ce/cee638a986ad8fae09398db255647defcaa6612a.js'
6-29-2024 16:06:50-debug: Invalidating 'pack:///chunks/48/48925ed89f58b0eff72f0ddf69b47c4b5e8f623a.js'
6-29-2024 16:06:50-debug: Invalidating 'pack:///chunks/1f/1feb0183e1ee4ce1428ca0c6a426a91db556c845.js'
6-29-2024 16:06:50-debug: [[Executor]] Module "pack:///chunks/ce/cee638a986ad8fae09398db255647defcaa6612a.js" loaded.
6-29-2024 16:06:50-debug: [[Executor]] Module "pack:///chunks/48/48925ed89f58b0eff72f0ddf69b47c4b5e8f623a.js" loaded.
6-29-2024 16:06:50-debug: [[Executor]] Register DebugViewRuntimeControl
6-29-2024 16:06:50-debug: [[Executor]] Module "pack:///chunks/1f/1feb0183e1ee4ce1428ca0c6a426a91db556c845.js" loaded.
6-29-2024 16:06:50-debug: [[Executor]] Module "pack:///chunks/48/48925ed89f58b0eff72f0ddf69b47c4b5e8f623a.js" loaded.
6-29-2024 16:06:50-debug: Query asset bundle start0%
6-29-2024 16:06:50-debug: // ---- build task Query asset bundle ----
6-29-2024 16:06:50-debug: Query preload assets from cc.config.json: 60f7195c-ec2a-45eb-ba94-8955f60e81d0,1c02ae6f-4492-4915-b8f8-7492a3b1e4cd,810e96e4-e456-4468-9b59-f4e8f39732c0,efe8e2a3-eace-427b-b4f1-cb8a937ec77d,e9aa9a3e-5b2b-4ac7-a2c7-073de2b2b24f,8bbdbcdd-5cd4-4100-b6d5-b7c9625b6107,50f4348b-c883-4e2f-8f11-ce233b859fa1,fda095cb-831d-4601-ad94-846013963de8,f92806d7-1768-443f-afe8-12bcde84d0f0,dd3a144d-ab7f-41f0-82b8-2e43a090d496,f0416e68-0200-4b77-a926-4f9d16e494da,511d2633-09a7-4bdd-ac42-f778032124b3,5d45aa00-e064-4938-b314-4265f0c2258c,9361fd90-ba52-4f84-aa93-6e878fd576ca,970b0598-bcb0-4714-91fb-2e81440dccd8,bcd64cc6-2dd9-43f6-abbe-66318d332032,d930590d-bb92-4cc8-8bd1-23cd027f9edf,a3cd009f-0ab0-420d-9278-b9fdab939bbc,c27215d8-6835-4b68-bfbb-bdeac6100c04,b5d6115f-0370-4d7c-aad3-c194cc71cf98,d1346436-ac96-4271-b863-1f4fdead95b0,971bdb23-3ff6-43eb-b422-1c30165a3663,17debcc3-0a6b-4b8a-b00b-dc58b885581e,711ebe11-f673-4cd9-9a83-63c60ba54c5b,c0143906-9aed-447e-9436-2ae8512d1b6e,14da1725-c4c2-42b4-ab08-ee0aeb6898b3,081cab31-dccd-428e-8652-f2404cc81c47,78e0584a-4343-4727-8f37-e14e65c2a2db,ba21476f-2866-4f81-9c4d-6e359316e448,871c3b6c-7379-419d-bda3-794b239ab90d,1d08ef62-a503-4ce2-8b9a-46c90873f7d3
6-29-2024 16:06:50-debug: // ---- build task Query asset bundle ---- (10ms)
6-29-2024 16:06:50-debug: run build task Query asset bundle success in 10 ms √5%
6-29-2024 16:06:50-debug: [Build Memory track]: Query asset bundle start:234.70MB, end 235.22MB, increase: 532.71KB
6-29-2024 16:06:50-debug: Query asset bundle start5%
6-29-2024 16:06:50-debug: // ---- build task Query asset bundle ----
6-29-2024 16:06:50-debug: // ---- build task Query asset bundle ---- (2ms)
6-29-2024 16:06:50-debug: run build task Query asset bundle success in 2 ms √10%
6-29-2024 16:06:50-debug: [Build Memory track]: Query asset bundle start:235.23MB, end 235.25MB, increase: 14.73KB
6-29-2024 16:06:50-debug: // ---- build task Sort some build options to settings.json ----
6-29-2024 16:06:50-debug: Sort some build options to settings.json start10%
6-29-2024 16:06:50-debug: run build task Sort some build options to settings.json success in 1 ms √12%
6-29-2024 16:06:50-debug: Fill script data to settings start12%
6-29-2024 16:06:50-debug: [Build Memory track]: Sort some build options to settings.json start:235.26MB, end 235.28MB, increase: 16.30KB
6-29-2024 16:06:50-debug: // ---- build task Fill script data to settings ----
6-29-2024 16:06:50-debug: // ---- build task Sort some build options to settings.json ---- (1ms)
6-29-2024 16:06:50-debug: run build task Fill script data to settings success in 1 ms √13%
6-29-2024 16:06:50-debug: // ---- build task Fill script data to settings ---- (1ms)
6-29-2024 16:06:50-debug: [Build Memory track]: Fill script data to settings start:235.29MB, end 235.30MB, increase: 14.15KB
6-29-2024 16:06:50-debug: Sort some build options to settings.json start13%
6-29-2024 16:06:50-debug: // ---- build task Sort some build options to settings.json ----
6-29-2024 16:06:50-debug: // ---- build task Sort some build options to settings.json ---- (3ms)
6-29-2024 16:06:50-debug: run build task Sort some build options to settings.json success in 3 ms √15%
6-29-2024 16:06:50-debug: [Build Memory track]: Sort some build options to settings.json start:235.31MB, end 235.38MB, increase: 63.99KB
6-29-2024 16:06:55-debug: refresh db internal success
6-29-2024 16:06:55-debug: refresh db assets success
6-29-2024 16:06:55-debug: Run asset db hook engine-extends:afterRefresh ...
6-29-2024 16:06:55-debug: Run asset db hook engine-extends:afterRefresh success!
6-29-2024 16:06:55-debug: asset-db:refresh-all-database (165ms)
6-29-2024 16:06:55-debug: asset-db:worker-effect-data-processing (122ms)
6-29-2024 16:06:55-debug: asset-db-hook-engine-extends-afterRefresh (123ms)
6-29-2024 16:07:07-debug: refresh db internal success
6-29-2024 16:07:07-debug: refresh db assets success
6-29-2024 16:07:07-debug: Run asset db hook engine-extends:afterRefresh ...
6-29-2024 16:07:07-debug: Run asset db hook engine-extends:afterRefresh success!
6-29-2024 16:07:07-debug: asset-db:refresh-all-database (75ms)
6-29-2024 16:07:07-debug: asset-db:worker-effect-data-processing (28ms)
6-29-2024 16:07:07-debug: asset-db-hook-engine-extends-afterRefresh (29ms)
6-29-2024 16:07:56-debug: refresh db internal success
6-29-2024 16:07:56-debug: refresh db assets success
6-29-2024 16:07:56-debug: Run asset db hook engine-extends:afterRefresh ...
6-29-2024 16:07:56-debug: Run asset db hook engine-extends:afterRefresh success!
6-29-2024 16:07:56-debug: asset-db:refresh-all-database (75ms)
6-29-2024 16:07:56-debug: asset-db:worker-effect-data-processing (29ms)
6-29-2024 16:07:56-debug: asset-db-hook-engine-extends-afterRefresh (29ms)
6-29-2024 16:08:11-debug: Query all assets info in project
6-29-2024 16:08:11-debug: init custom config: keepNodeUuid: false, useCache: true
6-29-2024 16:08:11-debug:   Number of all scripts: 1
6-29-2024 16:08:11-debug:   Number of all scenes: 1
6-29-2024 16:08:11-debug:   Number of other assets: 321
6-29-2024 16:08:11-debug: reload all scripts.
6-29-2024 16:08:11-debug: Incremental keys: 
6-29-2024 16:08:11-debug: Set detail map pack:///resolution-detail-map.json: {}
6-29-2024 16:08:11-debug: Unregister DebugViewRuntimeControl
6-29-2024 16:08:11-debug: Invalidating 'pack:///chunks/48/48925ed89f58b0eff72f0ddf69b47c4b5e8f623a.js'
6-29-2024 16:08:11-debug: Invalidating 'pack:///chunks/ce/cee638a986ad8fae09398db255647defcaa6612a.js'
6-29-2024 16:08:11-debug: Invalidating 'pack:///chunks/1f/1feb0183e1ee4ce1428ca0c6a426a91db556c845.js'
6-29-2024 16:08:11-debug: [[Executor]] Module "pack:///chunks/ce/cee638a986ad8fae09398db255647defcaa6612a.js" loaded.
6-29-2024 16:08:11-debug: [[Executor]] Module "pack:///chunks/48/48925ed89f58b0eff72f0ddf69b47c4b5e8f623a.js" loaded.
6-29-2024 16:08:11-debug: [[Executor]] Register DebugViewRuntimeControl
6-29-2024 16:08:11-debug: [[Executor]] Module "pack:///chunks/1f/1feb0183e1ee4ce1428ca0c6a426a91db556c845.js" loaded.
6-29-2024 16:08:11-debug: [[Executor]] Module "pack:///chunks/48/48925ed89f58b0eff72f0ddf69b47c4b5e8f623a.js" loaded.
6-29-2024 16:08:11-debug: Query asset bundle start0%
6-29-2024 16:08:11-debug: // ---- build task Query asset bundle ----
6-29-2024 16:08:11-debug: Query preload assets from cc.config.json: 60f7195c-ec2a-45eb-ba94-8955f60e81d0,1c02ae6f-4492-4915-b8f8-7492a3b1e4cd,810e96e4-e456-4468-9b59-f4e8f39732c0,efe8e2a3-eace-427b-b4f1-cb8a937ec77d,e9aa9a3e-5b2b-4ac7-a2c7-073de2b2b24f,8bbdbcdd-5cd4-4100-b6d5-b7c9625b6107,50f4348b-c883-4e2f-8f11-ce233b859fa1,fda095cb-831d-4601-ad94-846013963de8,f92806d7-1768-443f-afe8-12bcde84d0f0,dd3a144d-ab7f-41f0-82b8-2e43a090d496,f0416e68-0200-4b77-a926-4f9d16e494da,511d2633-09a7-4bdd-ac42-f778032124b3,5d45aa00-e064-4938-b314-4265f0c2258c,9361fd90-ba52-4f84-aa93-6e878fd576ca,970b0598-bcb0-4714-91fb-2e81440dccd8,bcd64cc6-2dd9-43f6-abbe-66318d332032,d930590d-bb92-4cc8-8bd1-23cd027f9edf,a3cd009f-0ab0-420d-9278-b9fdab939bbc,c27215d8-6835-4b68-bfbb-bdeac6100c04,b5d6115f-0370-4d7c-aad3-c194cc71cf98,d1346436-ac96-4271-b863-1f4fdead95b0,971bdb23-3ff6-43eb-b422-1c30165a3663,17debcc3-0a6b-4b8a-b00b-dc58b885581e,711ebe11-f673-4cd9-9a83-63c60ba54c5b,c0143906-9aed-447e-9436-2ae8512d1b6e,14da1725-c4c2-42b4-ab08-ee0aeb6898b3,081cab31-dccd-428e-8652-f2404cc81c47,78e0584a-4343-4727-8f37-e14e65c2a2db,ba21476f-2866-4f81-9c4d-6e359316e448,871c3b6c-7379-419d-bda3-794b239ab90d,1d08ef62-a503-4ce2-8b9a-46c90873f7d3
6-29-2024 16:08:11-debug: // ---- build task Query asset bundle ---- (9ms)
6-29-2024 16:08:11-debug: run build task Query asset bundle success in 9 ms √5%
6-29-2024 16:08:11-debug: Query asset bundle start5%
6-29-2024 16:08:11-debug: [Build Memory track]: Query asset bundle start:237.58MB, end 238.05MB, increase: 477.81KB
6-29-2024 16:08:11-debug: // ---- build task Query asset bundle ----
6-29-2024 16:08:11-debug: run build task Query asset bundle success in 0 ms √10%
6-29-2024 16:08:11-debug: [Build Memory track]: Query asset bundle start:238.06MB, end 238.07MB, increase: 10.60KB
6-29-2024 16:08:11-debug: Sort some build options to settings.json start10%
6-29-2024 16:08:11-debug: // ---- build task Sort some build options to settings.json ----
6-29-2024 16:08:11-debug: // ---- build task Sort some build options to settings.json ---- (1ms)
6-29-2024 16:08:11-debug: [Build Memory track]: Sort some build options to settings.json start:238.08MB, end 238.10MB, increase: 16.20KB
6-29-2024 16:08:11-debug: run build task Sort some build options to settings.json success in 1 ms √12%
6-29-2024 16:08:11-debug: Fill script data to settings start12%
6-29-2024 16:08:11-debug: // ---- build task Fill script data to settings ----
6-29-2024 16:08:11-debug: run build task Fill script data to settings success in 0 ms √13%
6-29-2024 16:08:11-debug: [Build Memory track]: Fill script data to settings start:238.11MB, end 238.12MB, increase: 10.85KB
6-29-2024 16:08:11-debug: Sort some build options to settings.json start13%
6-29-2024 16:08:11-debug: // ---- build task Sort some build options to settings.json ----
6-29-2024 16:08:11-debug: // ---- build task Sort some build options to settings.json ---- (2ms)
6-29-2024 16:08:11-debug: run build task Sort some build options to settings.json success in 2 ms √15%
6-29-2024 16:08:11-debug: [Build Memory track]: Sort some build options to settings.json start:238.13MB, end 237.43MB, increase: -717.17KB
6-29-2024 16:08:17-debug: refresh db internal success
6-29-2024 16:08:17-debug: refresh db assets success
6-29-2024 16:08:17-debug: Run asset db hook engine-extends:afterRefresh ...
6-29-2024 16:08:17-debug: Run asset db hook engine-extends:afterRefresh success!
6-29-2024 16:08:17-debug: asset-db:refresh-all-database (51ms)
6-29-2024 16:08:17-debug: asset-db:worker-effect-data-processing (2ms)
6-29-2024 16:08:17-debug: asset-db-hook-engine-extends-afterRefresh (2ms)
6-29-2024 16:08:20-debug: refresh db internal success
6-29-2024 16:08:20-debug: refresh db assets success
6-29-2024 16:08:20-debug: Run asset db hook engine-extends:afterRefresh ...
6-29-2024 16:08:20-debug: Run asset db hook engine-extends:afterRefresh success!
6-29-2024 16:08:20-debug: asset-db:refresh-all-database (53ms)
6-29-2024 16:08:20-debug: asset-db:worker-effect-data-processing (11ms)
6-29-2024 16:08:20-debug: asset-db-hook-engine-extends-afterRefresh (13ms)
6-29-2024 16:08:30-debug: refresh db internal success
6-29-2024 16:08:30-debug: refresh db assets success
6-29-2024 16:08:30-debug: Run asset db hook engine-extends:afterRefresh ...
6-29-2024 16:08:30-debug: Run asset db hook engine-extends:afterRefresh success!
6-29-2024 16:08:30-debug: asset-db:refresh-all-database (45ms)
6-29-2024 16:08:30-debug: asset-db:worker-effect-data-processing (1ms)
6-29-2024 16:08:30-debug: asset-db-hook-engine-extends-afterRefresh (1ms)
6-29-2024 16:08:33-debug: refresh db internal success
6-29-2024 16:08:33-debug: refresh db assets success
6-29-2024 16:08:33-debug: Run asset db hook engine-extends:afterRefresh ...
6-29-2024 16:08:33-debug: Run asset db hook engine-extends:afterRefresh success!
6-29-2024 16:08:33-debug: asset-db:refresh-all-database (56ms)
6-29-2024 16:08:33-debug: asset-db:worker-effect-data-processing (4ms)
6-29-2024 16:08:33-debug: asset-db-hook-engine-extends-afterRefresh (5ms)
6-29-2024 16:08:38-debug: refresh db internal success
6-29-2024 16:08:38-debug: refresh db assets success
6-29-2024 16:08:38-debug: Run asset db hook engine-extends:afterRefresh ...
6-29-2024 16:08:38-debug: Run asset db hook engine-extends:afterRefresh success!
6-29-2024 16:08:38-debug: asset-db:refresh-all-database (43ms)
6-29-2024 16:08:44-debug: refresh db internal success
6-29-2024 16:08:44-debug: refresh db assets success
6-29-2024 16:08:44-debug: Run asset db hook engine-extends:afterRefresh success!
6-29-2024 16:08:44-debug: Run asset db hook engine-extends:afterRefresh ...
6-29-2024 16:08:44-debug: asset-db:refresh-all-database (41ms)
6-29-2024 16:08:44-debug: asset-db:worker-effect-data-processing (3ms)
6-29-2024 16:08:44-debug: asset-db-hook-engine-extends-afterRefresh (3ms)
6-29-2024 16:08:48-debug: refresh db internal success
6-29-2024 16:08:48-debug: refresh db assets success
6-29-2024 16:08:48-debug: Run asset db hook engine-extends:afterRefresh success!
6-29-2024 16:08:48-debug: Run asset db hook engine-extends:afterRefresh ...
6-29-2024 16:08:48-debug: asset-db:refresh-all-database (43ms)
6-29-2024 16:08:48-debug: asset-db:worker-effect-data-processing (1ms)
6-29-2024 16:08:48-debug: asset-db-hook-engine-extends-afterRefresh (1ms)
6-29-2024 16:08:50-debug: refresh db internal success
6-29-2024 16:08:50-debug: refresh db assets success
6-29-2024 16:08:50-debug: Run asset db hook engine-extends:afterRefresh ...
6-29-2024 16:08:50-debug: Run asset db hook engine-extends:afterRefresh success!
6-29-2024 16:08:50-debug: asset-db:refresh-all-database (63ms)
6-29-2024 16:08:50-debug: asset-db:worker-effect-data-processing (2ms)
6-29-2024 16:08:50-debug: asset-db-hook-engine-extends-afterRefresh (2ms)
6-29-2024 16:08:51-debug: Query all assets info in project
6-29-2024 16:08:51-debug: init custom config: keepNodeUuid: false, useCache: true
6-29-2024 16:08:51-debug:   Number of all scenes: 1
6-29-2024 16:08:51-debug:   Number of all scripts: 1
6-29-2024 16:08:51-debug:   Number of other assets: 321
6-29-2024 16:08:51-debug: reload all scripts.
6-29-2024 16:08:51-debug: Incremental keys: 
6-29-2024 16:08:51-debug: Set detail map pack:///resolution-detail-map.json: {}
6-29-2024 16:08:51-debug: Unregister DebugViewRuntimeControl
6-29-2024 16:08:51-debug: Invalidating 'pack:///chunks/ce/cee638a986ad8fae09398db255647defcaa6612a.js'
6-29-2024 16:08:51-debug: Invalidating 'pack:///chunks/48/48925ed89f58b0eff72f0ddf69b47c4b5e8f623a.js'
6-29-2024 16:08:51-debug: Invalidating 'pack:///chunks/1f/1feb0183e1ee4ce1428ca0c6a426a91db556c845.js'
6-29-2024 16:08:51-debug: [[Executor]] Module "pack:///chunks/ce/cee638a986ad8fae09398db255647defcaa6612a.js" loaded.
6-29-2024 16:08:51-debug: [[Executor]] Module "pack:///chunks/48/48925ed89f58b0eff72f0ddf69b47c4b5e8f623a.js" loaded.
6-29-2024 16:08:51-debug: [[Executor]] Register DebugViewRuntimeControl
6-29-2024 16:08:51-debug: [[Executor]] Module "pack:///chunks/1f/1feb0183e1ee4ce1428ca0c6a426a91db556c845.js" loaded.
6-29-2024 16:08:51-debug: Query asset bundle start0%
6-29-2024 16:08:51-debug: [[Executor]] Module "pack:///chunks/48/48925ed89f58b0eff72f0ddf69b47c4b5e8f623a.js" loaded.
6-29-2024 16:08:51-debug: // ---- build task Query asset bundle ----
6-29-2024 16:08:51-debug: Query preload assets from cc.config.json: 60f7195c-ec2a-45eb-ba94-8955f60e81d0,1c02ae6f-4492-4915-b8f8-7492a3b1e4cd,810e96e4-e456-4468-9b59-f4e8f39732c0,efe8e2a3-eace-427b-b4f1-cb8a937ec77d,e9aa9a3e-5b2b-4ac7-a2c7-073de2b2b24f,8bbdbcdd-5cd4-4100-b6d5-b7c9625b6107,50f4348b-c883-4e2f-8f11-ce233b859fa1,fda095cb-831d-4601-ad94-846013963de8,f92806d7-1768-443f-afe8-12bcde84d0f0,dd3a144d-ab7f-41f0-82b8-2e43a090d496,f0416e68-0200-4b77-a926-4f9d16e494da,511d2633-09a7-4bdd-ac42-f778032124b3,5d45aa00-e064-4938-b314-4265f0c2258c,9361fd90-ba52-4f84-aa93-6e878fd576ca,970b0598-bcb0-4714-91fb-2e81440dccd8,bcd64cc6-2dd9-43f6-abbe-66318d332032,d930590d-bb92-4cc8-8bd1-23cd027f9edf,a3cd009f-0ab0-420d-9278-b9fdab939bbc,c27215d8-6835-4b68-bfbb-bdeac6100c04,b5d6115f-0370-4d7c-aad3-c194cc71cf98,d1346436-ac96-4271-b863-1f4fdead95b0,971bdb23-3ff6-43eb-b422-1c30165a3663,17debcc3-0a6b-4b8a-b00b-dc58b885581e,711ebe11-f673-4cd9-9a83-63c60ba54c5b,c0143906-9aed-447e-9436-2ae8512d1b6e,14da1725-c4c2-42b4-ab08-ee0aeb6898b3,081cab31-dccd-428e-8652-f2404cc81c47,78e0584a-4343-4727-8f37-e14e65c2a2db,ba21476f-2866-4f81-9c4d-6e359316e448,871c3b6c-7379-419d-bda3-794b239ab90d,1d08ef62-a503-4ce2-8b9a-46c90873f7d3
6-29-2024 16:08:51-debug: // ---- build task Query asset bundle ---- (9ms)
6-29-2024 16:08:51-debug: run build task Query asset bundle success in 9 ms √5%
6-29-2024 16:08:51-debug: [Build Memory track]: Query asset bundle start:243.35MB, end 243.71MB, increase: 361.62KB
6-29-2024 16:08:51-debug: Query asset bundle start5%
6-29-2024 16:08:51-debug: // ---- build task Query asset bundle ----
6-29-2024 16:08:51-debug: run build task Query asset bundle success in 0 ms √10%
6-29-2024 16:08:51-debug: [Build Memory track]: Query asset bundle start:243.72MB, end 243.73MB, increase: 10.00KB
6-29-2024 16:08:51-debug: Sort some build options to settings.json start10%
6-29-2024 16:08:51-debug: // ---- build task Sort some build options to settings.json ----
6-29-2024 16:08:51-debug: // ---- build task Sort some build options to settings.json ---- (1ms)
6-29-2024 16:08:51-debug: run build task Sort some build options to settings.json success in 1 ms √12%
6-29-2024 16:08:51-debug: [Build Memory track]: Sort some build options to settings.json start:243.74MB, end 243.76MB, increase: 16.71KB
6-29-2024 16:08:51-debug: Fill script data to settings start12%
6-29-2024 16:08:51-debug: // ---- build task Fill script data to settings ----
6-29-2024 16:08:51-debug: // ---- build task Fill script data to settings ---- (1ms)
6-29-2024 16:08:51-debug: Sort some build options to settings.json start13%
6-29-2024 16:08:51-debug: run build task Fill script data to settings success in 1 ms √13%
6-29-2024 16:08:51-debug: [Build Memory track]: Fill script data to settings start:243.77MB, end 243.78MB, increase: 14.42KB
6-29-2024 16:08:51-debug: // ---- build task Sort some build options to settings.json ----
6-29-2024 16:08:51-debug: // ---- build task Sort some build options to settings.json ---- (3ms)
6-29-2024 16:08:51-debug: [Build Memory track]: Sort some build options to settings.json start:243.79MB, end 243.86MB, increase: 64.41KB
6-29-2024 16:08:51-debug: run build task Sort some build options to settings.json success in 3 ms √15%
6-29-2024 16:08:56-debug: refresh db internal success
6-29-2024 16:08:56-debug: refresh db assets success
6-29-2024 16:08:56-debug: Run asset db hook engine-extends:afterRefresh ...
6-29-2024 16:08:56-debug: Run asset db hook engine-extends:afterRefresh success!
6-29-2024 16:08:56-debug: asset-db:refresh-all-database (45ms)
6-29-2024 16:08:56-debug: asset-db:worker-effect-data-processing (2ms)
6-29-2024 16:08:56-debug: asset-db-hook-engine-extends-afterRefresh (2ms)
6-29-2024 16:09:03-debug: refresh db internal success
6-29-2024 16:09:03-debug: refresh db assets success
6-29-2024 16:09:03-debug: Run asset db hook engine-extends:afterRefresh ...
6-29-2024 16:09:03-debug: Run asset db hook engine-extends:afterRefresh success!
6-29-2024 16:09:03-debug: asset-db:refresh-all-database (44ms)
6-29-2024 16:09:03-debug: asset-db:worker-effect-data-processing (2ms)
6-29-2024 16:09:03-debug: asset-db-hook-engine-extends-afterRefresh (2ms)
6-29-2024 16:09:11-debug: refresh db internal success
6-29-2024 16:09:11-debug: refresh db assets success
6-29-2024 16:09:11-debug: Run asset db hook engine-extends:afterRefresh ...
6-29-2024 16:09:11-debug: Run asset db hook engine-extends:afterRefresh success!
6-29-2024 16:09:11-debug: asset-db:refresh-all-database (82ms)
6-29-2024 16:09:11-debug: asset-db:worker-effect-data-processing (36ms)
6-29-2024 16:09:11-debug: asset-db-hook-engine-extends-afterRefresh (36ms)
6-29-2024 16:09:14-debug: refresh db internal success
6-29-2024 16:09:14-debug: refresh db assets success
6-29-2024 16:09:14-debug: Run asset db hook engine-extends:afterRefresh ...
6-29-2024 16:09:14-debug: Run asset db hook engine-extends:afterRefresh success!
6-29-2024 16:09:14-debug: asset-db:refresh-all-database (52ms)
6-29-2024 16:09:14-debug: asset-db:worker-effect-data-processing (2ms)
6-29-2024 16:09:14-debug: asset-db-hook-engine-extends-afterRefresh (2ms)
6-29-2024 16:10:08-debug: refresh db internal success
6-29-2024 16:10:08-debug: refresh db assets success
6-29-2024 16:10:08-debug: Run asset db hook engine-extends:afterRefresh success!
6-29-2024 16:10:08-debug: Run asset db hook engine-extends:afterRefresh ...
6-29-2024 16:10:08-debug: asset-db:refresh-all-database (67ms)
6-29-2024 16:10:08-debug: asset-db:worker-effect-data-processing (23ms)
6-29-2024 16:10:08-debug: asset-db-hook-engine-extends-afterRefresh (26ms)
6-29-2024 16:10:11-debug: refresh db internal success
6-29-2024 16:10:11-debug: refresh db assets success
6-29-2024 16:10:11-debug: Run asset db hook engine-extends:afterRefresh ...
6-29-2024 16:10:11-debug: Run asset db hook engine-extends:afterRefresh success!
6-29-2024 16:10:11-debug: asset-db:refresh-all-database (47ms)
6-29-2024 16:10:11-debug: asset-db:worker-effect-data-processing (3ms)
6-29-2024 16:10:11-debug: asset-db-hook-engine-extends-afterRefresh (3ms)
6-29-2024 16:10:14-debug: refresh db internal success
6-29-2024 16:10:14-debug: refresh db assets success
6-29-2024 16:10:14-debug: Run asset db hook engine-extends:afterRefresh ...
6-29-2024 16:10:14-debug: Run asset db hook engine-extends:afterRefresh success!
6-29-2024 16:10:14-debug: asset-db:refresh-all-database (58ms)
6-29-2024 16:10:14-debug: asset-db:worker-effect-data-processing (21ms)
6-29-2024 16:10:14-debug: asset-db-hook-engine-extends-afterRefresh (22ms)
6-29-2024 16:10:19-debug: refresh db internal success
6-29-2024 16:10:19-debug: refresh db assets success
6-29-2024 16:10:19-debug: Run asset db hook engine-extends:afterRefresh ...
6-29-2024 16:10:19-debug: Run asset db hook engine-extends:afterRefresh success!
6-29-2024 16:10:19-debug: asset-db:refresh-all-database (43ms)
6-29-2024 16:10:19-debug: asset-db:worker-effect-data-processing (2ms)
6-29-2024 16:10:19-debug: asset-db-hook-engine-extends-afterRefresh (2ms)
6-29-2024 16:10:44-debug: refresh db internal success
6-29-2024 16:10:44-debug: refresh db assets success
6-29-2024 16:10:44-debug: Run asset db hook engine-extends:afterRefresh ...
6-29-2024 16:10:44-debug: Run asset db hook engine-extends:afterRefresh success!
6-29-2024 16:10:44-debug: asset-db:refresh-all-database (43ms)
6-29-2024 16:10:44-debug: asset-db:worker-effect-data-processing (2ms)
6-29-2024 16:10:44-debug: asset-db-hook-engine-extends-afterRefresh (3ms)
6-29-2024 16:10:57-debug: refresh db internal success
6-29-2024 16:10:57-debug: refresh db assets success
6-29-2024 16:10:57-debug: Run asset db hook engine-extends:afterRefresh ...
6-29-2024 16:10:57-debug: Run asset db hook engine-extends:afterRefresh success!
6-29-2024 16:10:57-debug: asset-db:refresh-all-database (74ms)
6-29-2024 16:10:57-debug: asset-db:worker-effect-data-processing (29ms)
6-29-2024 16:10:57-debug: asset-db-hook-engine-extends-afterRefresh (29ms)
6-29-2024 16:11:22-debug: start refresh asset from D:\ShodoUwu\ShodoUwu\assets\CatController.ts...
6-29-2024 16:11:22-debug: %cImport%c: D:\ShodoUwu\ShodoUwu\assets\CatController.tsbackground: #aaff85; color: #000;color: #000;
6-29-2024 16:11:22-debug: refresh asset D:\ShodoUwu\ShodoUwu\assets success
6-29-2024 16:11:24-debug: Query all assets info in project
6-29-2024 16:11:24-debug: init custom config: keepNodeUuid: false, useCache: true
6-29-2024 16:11:24-debug:   Number of all scenes: 1
6-29-2024 16:11:24-debug:   Number of other assets: 321
6-29-2024 16:11:24-debug:   Number of all scripts: 2
6-29-2024 16:11:24-debug: reload all scripts.
6-29-2024 16:11:24-debug: Incremental keys: 
6-29-2024 16:11:24-debug: Set detail map pack:///resolution-detail-map.json: {}
6-29-2024 16:11:24-debug: Invalidating 'pack:///chunks/ce/cee638a986ad8fae09398db255647defcaa6612a.js'
6-29-2024 16:11:24-debug: Unregister DebugViewRuntimeControl
6-29-2024 16:11:24-debug: Invalidating 'pack:///chunks/48/48925ed89f58b0eff72f0ddf69b47c4b5e8f623a.js'
6-29-2024 16:11:24-debug: Invalidating 'pack:///chunks/1f/1feb0183e1ee4ce1428ca0c6a426a91db556c845.js'
6-29-2024 16:11:24-debug: [[Executor]] Module "pack:///chunks/ce/cee638a986ad8fae09398db255647defcaa6612a.js" loaded.
6-29-2024 16:11:24-debug: D:\ShodoUwu\ShodoUwu\temp\programming\packer-driver\targets\editor\chunks\63\6324fd7f2a6a90bef45040fcb7ce34af0ba6a7d3.js resolved to D:\ShodoUwu\ShodoUwu\temp\programming\packer-driver\targets\editor\chunks\63\6324fd7f2a6a90bef45040fcb7ce34af0ba6a7d3.js is not in module cache!
6-29-2024 16:11:24-debug: [[Executor]] Module "pack:///chunks/63/6324fd7f2a6a90bef45040fcb7ce34af0ba6a7d3.js" loaded.
6-29-2024 16:11:24-debug: [[Executor]] Register DebugViewRuntimeControl
6-29-2024 16:11:24-debug: [[Executor]] Module "pack:///chunks/1f/1feb0183e1ee4ce1428ca0c6a426a91db556c845.js" loaded.
6-29-2024 16:11:24-debug: D:\ShodoUwu\ShodoUwu\temp\programming\packer-driver\targets\editor\chunks\ac\ac0776b4dd9315aefad020dd0bff912045d98385.js resolved to D:\ShodoUwu\ShodoUwu\temp\programming\packer-driver\targets\editor\chunks\ac\ac0776b4dd9315aefad020dd0bff912045d98385.js is not in module cache!
6-29-2024 16:11:24-debug: [[Executor]] Register CatController
6-29-2024 16:11:24-debug: [[Executor]] Module "pack:///chunks/ac/ac0776b4dd9315aefad020dd0bff912045d98385.js" loaded.
6-29-2024 16:11:24-debug: [[Executor]] Module "pack:///chunks/63/6324fd7f2a6a90bef45040fcb7ce34af0ba6a7d3.js" loaded.
6-29-2024 16:11:24-debug: Query asset bundle start0%
6-29-2024 16:11:24-debug: // ---- build task Query asset bundle ----
6-29-2024 16:11:24-debug: Query preload assets from cc.config.json: 60f7195c-ec2a-45eb-ba94-8955f60e81d0,1c02ae6f-4492-4915-b8f8-7492a3b1e4cd,810e96e4-e456-4468-9b59-f4e8f39732c0,efe8e2a3-eace-427b-b4f1-cb8a937ec77d,e9aa9a3e-5b2b-4ac7-a2c7-073de2b2b24f,8bbdbcdd-5cd4-4100-b6d5-b7c9625b6107,50f4348b-c883-4e2f-8f11-ce233b859fa1,fda095cb-831d-4601-ad94-846013963de8,f92806d7-1768-443f-afe8-12bcde84d0f0,dd3a144d-ab7f-41f0-82b8-2e43a090d496,f0416e68-0200-4b77-a926-4f9d16e494da,511d2633-09a7-4bdd-ac42-f778032124b3,5d45aa00-e064-4938-b314-4265f0c2258c,9361fd90-ba52-4f84-aa93-6e878fd576ca,970b0598-bcb0-4714-91fb-2e81440dccd8,bcd64cc6-2dd9-43f6-abbe-66318d332032,d930590d-bb92-4cc8-8bd1-23cd027f9edf,a3cd009f-0ab0-420d-9278-b9fdab939bbc,c27215d8-6835-4b68-bfbb-bdeac6100c04,b5d6115f-0370-4d7c-aad3-c194cc71cf98,d1346436-ac96-4271-b863-1f4fdead95b0,971bdb23-3ff6-43eb-b422-1c30165a3663,17debcc3-0a6b-4b8a-b00b-dc58b885581e,711ebe11-f673-4cd9-9a83-63c60ba54c5b,c0143906-9aed-447e-9436-2ae8512d1b6e,14da1725-c4c2-42b4-ab08-ee0aeb6898b3,081cab31-dccd-428e-8652-f2404cc81c47,78e0584a-4343-4727-8f37-e14e65c2a2db,ba21476f-2866-4f81-9c4d-6e359316e448,871c3b6c-7379-419d-bda3-794b239ab90d,1d08ef62-a503-4ce2-8b9a-46c90873f7d3
6-29-2024 16:11:24-debug: // ---- build task Query asset bundle ---- (9ms)
6-29-2024 16:11:24-debug: [Build Memory track]: Query asset bundle start:251.94MB, end 252.45MB, increase: 517.77KB
6-29-2024 16:11:24-debug: run build task Query asset bundle success in 9 ms √5%
6-29-2024 16:11:24-debug: Query asset bundle start5%
6-29-2024 16:11:24-debug: // ---- build task Query asset bundle ----
6-29-2024 16:11:24-debug: // ---- build task Query asset bundle ---- (1ms)
6-29-2024 16:11:24-debug: [Build Memory track]: Query asset bundle start:252.46MB, end 252.47MB, increase: 13.22KB
6-29-2024 16:11:24-debug: run build task Query asset bundle success in 1 ms √10%
6-29-2024 16:11:24-debug: Sort some build options to settings.json start10%
6-29-2024 16:11:24-debug: // ---- build task Sort some build options to settings.json ----
6-29-2024 16:11:24-debug: // ---- build task Sort some build options to settings.json ---- (1ms)
6-29-2024 16:11:24-debug: [Build Memory track]: Sort some build options to settings.json start:252.49MB, end 252.50MB, increase: 16.13KB
6-29-2024 16:11:24-debug: run build task Sort some build options to settings.json success in 1 ms √12%
6-29-2024 16:11:24-debug: Fill script data to settings start12%
6-29-2024 16:11:24-debug: // ---- build task Fill script data to settings ----
6-29-2024 16:11:24-debug: // ---- build task Fill script data to settings ---- (1ms)
6-29-2024 16:11:24-debug: [Build Memory track]: Fill script data to settings start:252.51MB, end 251.78MB, increase: -754.09KB
6-29-2024 16:11:24-debug: run build task Fill script data to settings success in 1 ms √13%
6-29-2024 16:11:24-debug: Sort some build options to settings.json start13%
6-29-2024 16:11:24-debug: // ---- build task Sort some build options to settings.json ----
6-29-2024 16:11:24-debug: // ---- build task Sort some build options to settings.json ---- (3ms)
6-29-2024 16:11:24-debug: [Build Memory track]: Sort some build options to settings.json start:251.79MB, end 251.85MB, increase: 62.01KB
6-29-2024 16:11:24-debug: run build task Sort some build options to settings.json success in 3 ms √15%
6-29-2024 16:14:12-debug: refresh db internal success
6-29-2024 16:14:12-debug: refresh db assets success
6-29-2024 16:14:12-debug: Run asset db hook engine-extends:afterRefresh success!
6-29-2024 16:14:12-debug: Run asset db hook engine-extends:afterRefresh ...
6-29-2024 16:14:12-debug: asset-db:refresh-all-database (53ms)
6-29-2024 16:14:12-debug: asset-db:worker-effect-data-processing (1ms)
6-29-2024 16:14:12-debug: asset-db-hook-engine-extends-afterRefresh (1ms)
6-29-2024 16:14:25-debug: refresh db internal success
6-29-2024 16:14:25-debug: refresh db assets success
6-29-2024 16:14:25-debug: Run asset db hook engine-extends:afterRefresh ...
6-29-2024 16:14:25-debug: Run asset db hook engine-extends:afterRefresh success!
6-29-2024 16:14:26-debug: asset-db:refresh-all-database (226ms)
6-29-2024 16:14:26-debug: asset-db:worker-effect-data-processing (153ms)
6-29-2024 16:14:26-debug: asset-db-hook-engine-extends-afterRefresh (154ms)
6-29-2024 16:14:27-debug: refresh db internal success
6-29-2024 16:14:27-debug: refresh db assets success
6-29-2024 16:14:27-debug: Run asset db hook engine-extends:afterRefresh ...
6-29-2024 16:14:27-debug: Run asset db hook engine-extends:afterRefresh success!
6-29-2024 16:14:27-debug: asset-db:refresh-all-database (47ms)
6-29-2024 16:14:27-debug: asset-db:worker-effect-data-processing (1ms)
6-29-2024 16:14:27-debug: asset-db-hook-engine-extends-afterRefresh (1ms)
6-29-2024 16:14:38-debug: refresh db internal success
6-29-2024 16:14:38-debug: refresh db assets success
6-29-2024 16:14:38-debug: Run asset db hook engine-extends:afterRefresh ...
6-29-2024 16:14:38-debug: Run asset db hook engine-extends:afterRefresh success!
6-29-2024 16:14:38-debug: asset-db:refresh-all-database (48ms)
6-29-2024 16:14:38-debug: asset-db:worker-effect-data-processing (2ms)
6-29-2024 16:14:38-debug: asset-db-hook-engine-extends-afterRefresh (4ms)
6-29-2024 16:14:43-debug: refresh db internal success
6-29-2024 16:14:43-debug: refresh db assets success
6-29-2024 16:14:43-debug: Run asset db hook engine-extends:afterRefresh ...
6-29-2024 16:14:43-debug: Run asset db hook engine-extends:afterRefresh success!
6-29-2024 16:14:43-debug: asset-db:refresh-all-database (50ms)
6-29-2024 16:14:43-debug: asset-db:worker-effect-data-processing (2ms)
6-29-2024 16:14:43-debug: asset-db-hook-engine-extends-afterRefresh (3ms)
6-29-2024 16:14:54-debug: start refresh asset from D:\ShodoUwu\ShodoUwu\assets\scene.scene...
6-29-2024 16:14:54-debug: %cImport%c: D:\ShodoUwu\ShodoUwu\assets\scene.scenebackground: #aaff85; color: #000;color: #000;
6-29-2024 16:14:54-debug: refresh asset D:\ShodoUwu\ShodoUwu\assets success
6-29-2024 16:14:55-debug: Query all assets info in project
6-29-2024 16:14:55-debug: init custom config: keepNodeUuid: false, useCache: true
6-29-2024 16:14:55-debug:   Number of all scenes: 1
6-29-2024 16:14:55-debug:   Number of all scripts: 2
6-29-2024 16:14:55-debug:   Number of other assets: 321
6-29-2024 16:14:55-debug: reload all scripts.
6-29-2024 16:14:55-debug: Incremental keys: 
6-29-2024 16:14:55-debug: Set detail map pack:///resolution-detail-map.json: {}
6-29-2024 16:14:55-debug: Unregister DebugViewRuntimeControl
6-29-2024 16:14:55-debug: Unregister CatController
6-29-2024 16:14:55-debug: Invalidating 'pack:///chunks/ce/cee638a986ad8fae09398db255647defcaa6612a.js'
6-29-2024 16:14:55-debug: Invalidating 'pack:///chunks/63/6324fd7f2a6a90bef45040fcb7ce34af0ba6a7d3.js'
6-29-2024 16:14:55-debug: Invalidating 'pack:///chunks/1f/1feb0183e1ee4ce1428ca0c6a426a91db556c845.js'
6-29-2024 16:14:55-debug: Invalidating 'pack:///chunks/ac/ac0776b4dd9315aefad020dd0bff912045d98385.js'
6-29-2024 16:14:55-debug: [[Executor]] Module "pack:///chunks/ce/cee638a986ad8fae09398db255647defcaa6612a.js" loaded.
6-29-2024 16:14:55-debug: [[Executor]] Module "pack:///chunks/63/6324fd7f2a6a90bef45040fcb7ce34af0ba6a7d3.js" loaded.
6-29-2024 16:14:55-debug: [[Executor]] Register DebugViewRuntimeControl
6-29-2024 16:14:55-debug: [[Executor]] Module "pack:///chunks/1f/1feb0183e1ee4ce1428ca0c6a426a91db556c845.js" loaded.
6-29-2024 16:14:55-debug: [[Executor]] Register CatController
6-29-2024 16:14:55-debug: [[Executor]] Module "pack:///chunks/ac/ac0776b4dd9315aefad020dd0bff912045d98385.js" loaded.
6-29-2024 16:14:55-debug: [[Executor]] Module "pack:///chunks/63/6324fd7f2a6a90bef45040fcb7ce34af0ba6a7d3.js" loaded.
6-29-2024 16:14:55-debug: Query asset bundle start0%
6-29-2024 16:14:55-debug: // ---- build task Query asset bundle ----
6-29-2024 16:14:55-debug: Query preload assets from cc.config.json: 60f7195c-ec2a-45eb-ba94-8955f60e81d0,1c02ae6f-4492-4915-b8f8-7492a3b1e4cd,810e96e4-e456-4468-9b59-f4e8f39732c0,efe8e2a3-eace-427b-b4f1-cb8a937ec77d,e9aa9a3e-5b2b-4ac7-a2c7-073de2b2b24f,8bbdbcdd-5cd4-4100-b6d5-b7c9625b6107,50f4348b-c883-4e2f-8f11-ce233b859fa1,fda095cb-831d-4601-ad94-846013963de8,f92806d7-1768-443f-afe8-12bcde84d0f0,dd3a144d-ab7f-41f0-82b8-2e43a090d496,f0416e68-0200-4b77-a926-4f9d16e494da,511d2633-09a7-4bdd-ac42-f778032124b3,5d45aa00-e064-4938-b314-4265f0c2258c,9361fd90-ba52-4f84-aa93-6e878fd576ca,970b0598-bcb0-4714-91fb-2e81440dccd8,bcd64cc6-2dd9-43f6-abbe-66318d332032,d930590d-bb92-4cc8-8bd1-23cd027f9edf,a3cd009f-0ab0-420d-9278-b9fdab939bbc,c27215d8-6835-4b68-bfbb-bdeac6100c04,b5d6115f-0370-4d7c-aad3-c194cc71cf98,d1346436-ac96-4271-b863-1f4fdead95b0,971bdb23-3ff6-43eb-b422-1c30165a3663,17debcc3-0a6b-4b8a-b00b-dc58b885581e,711ebe11-f673-4cd9-9a83-63c60ba54c5b,c0143906-9aed-447e-9436-2ae8512d1b6e,14da1725-c4c2-42b4-ab08-ee0aeb6898b3,081cab31-dccd-428e-8652-f2404cc81c47,78e0584a-4343-4727-8f37-e14e65c2a2db,ba21476f-2866-4f81-9c4d-6e359316e448,871c3b6c-7379-419d-bda3-794b239ab90d,1d08ef62-a503-4ce2-8b9a-46c90873f7d3
6-29-2024 16:14:55-debug: // ---- build task Query asset bundle ---- (16ms)
6-29-2024 16:14:55-debug: run build task Query asset bundle success in 16 ms √5%
6-29-2024 16:14:55-debug: [Build Memory track]: Query asset bundle start:234.69MB, end 234.72MB, increase: 31.30KB
6-29-2024 16:14:55-debug: Query asset bundle start5%
6-29-2024 16:14:55-debug: // ---- build task Query asset bundle ----
6-29-2024 16:14:55-debug: // ---- build task Query asset bundle ---- (1ms)
6-29-2024 16:14:55-debug: [Build Memory track]: Query asset bundle start:234.73MB, end 234.77MB, increase: 39.44KB
6-29-2024 16:14:55-debug: run build task Query asset bundle success in 1 ms √10%
6-29-2024 16:14:55-debug: Sort some build options to settings.json start10%
6-29-2024 16:14:55-debug: // ---- build task Sort some build options to settings.json ----
6-29-2024 16:14:55-debug: run build task Sort some build options to settings.json success in 0 ms √12%
6-29-2024 16:14:55-debug: [Build Memory track]: Sort some build options to settings.json start:234.78MB, end 234.79MB, increase: 12.85KB
6-29-2024 16:14:55-debug: Fill script data to settings start12%
6-29-2024 16:14:55-debug: // ---- build task Fill script data to settings ----
6-29-2024 16:14:55-debug: // ---- build task Fill script data to settings ---- (1ms)
6-29-2024 16:14:55-debug: run build task Fill script data to settings success in 1 ms √13%
6-29-2024 16:14:55-debug: [Build Memory track]: Fill script data to settings start:234.80MB, end 234.82MB, increase: 14.62KB
6-29-2024 16:14:55-debug: Sort some build options to settings.json start13%
6-29-2024 16:14:55-debug: // ---- build task Sort some build options to settings.json ----
6-29-2024 16:14:55-debug: // ---- build task Sort some build options to settings.json ---- (6ms)
6-29-2024 16:14:55-debug: run build task Sort some build options to settings.json success in 6 ms √15%
6-29-2024 16:14:55-debug: [Build Memory track]: Sort some build options to settings.json start:234.83MB, end 234.89MB, increase: 62.54KB
6-29-2024 16:15:16-debug: refresh db internal success
6-29-2024 16:15:16-debug: refresh db assets success
6-29-2024 16:15:16-debug: Run asset db hook engine-extends:afterRefresh ...
6-29-2024 16:15:16-debug: Run asset db hook engine-extends:afterRefresh success!
6-29-2024 16:15:16-debug: asset-db:refresh-all-database (62ms)
6-29-2024 16:15:16-debug: asset-db:worker-effect-data-processing (9ms)
6-29-2024 16:15:16-debug: asset-db-hook-engine-extends-afterRefresh (10ms)
6-29-2024 16:18:42-debug: refresh db internal success
6-29-2024 16:18:42-debug: refresh db assets success
6-29-2024 16:18:42-debug: Run asset db hook engine-extends:afterRefresh ...
6-29-2024 16:18:42-debug: Run asset db hook engine-extends:afterRefresh success!
6-29-2024 16:18:42-debug: asset-db:refresh-all-database (49ms)
6-29-2024 16:18:42-debug: asset-db:worker-effect-data-processing (1ms)
6-29-2024 16:18:42-debug: asset-db-hook-engine-extends-afterRefresh (1ms)
6-29-2024 16:23:17-debug: refresh db internal success
6-29-2024 16:23:17-debug: refresh db assets success
6-29-2024 16:23:17-debug: Run asset db hook engine-extends:afterRefresh ...
6-29-2024 16:23:17-debug: Run asset db hook engine-extends:afterRefresh success!
6-29-2024 16:23:17-debug: asset-db:refresh-all-database (69ms)
6-29-2024 16:23:17-debug: asset-db:worker-effect-data-processing (23ms)
6-29-2024 16:23:17-debug: asset-db-hook-engine-extends-afterRefresh (25ms)
